Log file open, 11/12/21 15:15:56
LogInit: Display: Running engine for game: MyProject3
LogPlatformFile: Not using cached read wrapper
LogTaskGraph: Started task graph with 5 named threads and 26 total threads with 3 sets of task threads.
LogStats: Stats thread started at 0.245045
LogD3D11RHI: Loaded GFSDK_Aftermath_Lib.x64.dll
LogICUInternationalization: ICU TimeZone Detection - Raw Offset: -8:00, Platform Override: ''
LogPluginManager: Mounting plugin Paper2D
LogPluginManager: Mounting plugin AISupport
LogPluginManager: Mounting plugin LightPropagationVolume
LogPluginManager: Mounting plugin CameraShakePreviewer
LogPluginManager: Mounting plugin ActorLayerUtilities
LogPluginManager: Mounting plugin AnimationSharing
LogPluginManager: Mounting plugin CLionSourceCodeAccess
LogPluginManager: Mounting plugin CodeLiteSourceCodeAccess
LogPluginManager: Mounting plugin GitSourceControl
LogPluginManager: Mounting plugin KDevelopSourceCodeAccess
LogPluginManager: Mounting plugin NullSourceCodeAccess
LogPluginManager: Mounting plugin PerforceSourceControl
LogPluginManager: Mounting plugin PlasticSourceControl
LogPluginManager: Mounting plugin RiderSourceCodeAccess
LogPluginManager: Mounting plugin SubversionSourceControl
LogPluginManager: Mounting plugin UObjectPlugin
LogPluginManager: Mounting plugin VisualStudioCodeSourceCodeAccess
LogPluginManager: Mounting plugin VisualStudioSourceCodeAccess
LogPluginManager: Mounting plugin XCodeSourceCodeAccess
LogPluginManager: Mounting plugin AssetManagerEditor
LogPluginManager: Mounting plugin CryptoKeys
LogPluginManager: Mounting plugin CurveEditorTools
LogPluginManager: Mounting plugin DataValidation
LogPluginManager: Mounting plugin EditorScriptingUtilities
LogPluginManager: Mounting plugin FacialAnimation
LogPluginManager: Mounting plugin GameplayTagsEditor
LogPluginManager: Mounting plugin GeometryMode
LogPluginManager: Mounting plugin MacGraphicsSwitching
LogPluginManager: Mounting plugin MaterialAnalyzer
LogPluginManager: Mounting plugin MobileLauncherProfileWizard
LogPluginManager: Mounting plugin PluginBrowser
LogPluginManager: Mounting plugin SpeedTreeImporter
LogPluginManager: Mounting plugin DatasmithContent
LogPluginManager: Mounting plugin VariantManagerContent
LogPluginManager: Mounting plugin AlembicImporter
LogPluginManager: Mounting plugin AutomationUtils
LogPluginManager: Mounting plugin BackChannel
LogPluginManager: Mounting plugin ChaosCloth
LogPluginManager: Mounting plugin ChaosClothEditor
LogPluginManager: Mounting plugin ChaosEditor
LogPluginManager: Mounting plugin ChaosNiagara
LogPluginManager: Mounting plugin ChaosSolverPlugin
LogPluginManager: Mounting plugin CharacterAI
LogPluginManager: Mounting plugin GeometryCache
LogPluginManager: Mounting plugin GeometryCollectionPlugin
LogPluginManager: Mounting plugin GeometryProcessing
LogPluginManager: Mounting plugin PlanarCut
LogPluginManager: Mounting plugin PlatformCrypto
LogPluginManager: Mounting plugin ProxyLODPlugin
LogPluginManager: Mounting plugin SkeletalReduction
LogPluginManager: Mounting plugin Niagara
LogPluginManager: Mounting plugin MagicLeap
LogPluginManager: Mounting plugin MagicLeapLightEstimation
LogPluginManager: Mounting plugin MagicLeapMedia
LogPluginManager: Mounting plugin MagicLeapPassableWorld
LogPluginManager: Mounting plugin MLSDK
LogPluginManager: Mounting plugin AndroidMedia
LogPluginManager: Mounting plugin AvfMedia
LogPluginManager: Mounting plugin ImgMedia
LogPluginManager: Mounting plugin MediaCompositing
LogPluginManager: Mounting plugin MediaPlayerEditor
LogPluginManager: Mounting plugin WebMMedia
LogPluginManager: Mounting plugin WmfMedia
LogPluginManager: Mounting plugin MeshPainting
LogPluginManager: Mounting plugin TcpMessaging
LogPluginManager: Mounting plugin UdpMessaging
LogPluginManager: Mounting plugin ActorSequence
LogPluginManager: Mounting plugin LevelSequenceEditor
LogPluginManager: Mounting plugin MatineeToLevelSequence
LogPluginManager: Mounting plugin MovieRenderPipeline
LogPluginManager: Mounting plugin TemplateSequence
LogPluginManager: Mounting plugin NetcodeUnitTest
LogPluginManager: Mounting plugin NUTUnrealEngine4
LogPluginManager: Mounting plugin OnlineSubsystemGooglePlay
LogPluginManager: Mounting plugin OnlineSubsystemIOS
LogPluginManager: Mounting plugin OnlineSubsystem
LogPluginManager: Mounting plugin OnlineSubsystemNull
LogPluginManager: Mounting plugin OnlineSubsystemUtils
LogPluginManager: Mounting plugin LauncherChunkInstaller
LogPluginManager: Mounting plugin AndroidDeviceProfileSelector
LogPluginManager: Mounting plugin AndroidMoviePlayer
LogPluginManager: Mounting plugin AndroidPermission
LogPluginManager: Mounting plugin AppleImageUtils
LogPluginManager: Mounting plugin AppleMoviePlayer
LogPluginManager: Mounting plugin ArchVisCharacter
LogPluginManager: Mounting plugin AssetTags
LogPluginManager: Mounting plugin AudioCapture
LogPluginManager: Mounting plugin CableComponent
LogPluginManager: Mounting plugin CustomMeshComponent
LogPluginManager: Mounting plugin EditableMesh
LogPluginManager: Mounting plugin ExampleDeviceProfileSelector
LogPluginManager: Mounting plugin GoogleCloudMessaging
LogPluginManager: Mounting plugin GooglePAD
LogPluginManager: Mounting plugin IOSDeviceProfileSelector
LogPluginManager: Mounting plugin LinuxDeviceProfileSelector
LogPluginManager: Mounting plugin LocationServicesBPLibrary
LogPluginManager: Mounting plugin MobilePatchingUtils
LogPluginManager: Mounting plugin OculusVR
LogPluginManager: Mounting plugin PhysXVehicles
LogPluginManager: Mounting plugin PostSplashScreen
LogPluginManager: Mounting plugin ProceduralMeshComponent
LogPluginManager: Mounting plugin RuntimePhysXCooking
LogPluginManager: Mounting plugin SignificanceManager
LogPluginManager: Mounting plugin SoundFields
LogPluginManager: Mounting plugin SteamVR
LogPluginManager: Mounting plugin Synthesis
LogPluginManager: Mounting plugin WebMMoviePlayer
LogPluginManager: Mounting plugin WindowsMoviePlayer
LogPluginManager: Mounting plugin ScreenshotTools
LogInit: Using libcurl 7.55.1-DEV
LogInit:  - built for x86_64-pc-win32
LogInit:  - supports SSL with OpenSSL/1.1.1
LogInit:  - supports HTTP deflate (compression) using libz 1.2.8
LogInit:  - other features:
LogInit:      CURL_VERSION_SSL
LogInit:      CURL_VERSION_LIBZ
LogInit:      CURL_VERSION_IPV6
LogInit:      CURL_VERSION_ASYNCHDNS
LogInit:      CURL_VERSION_LARGEFILE
LogInit:      CURL_VERSION_IDN
LogInit:  CurlRequestOptions (configurable via config and command line):
LogInit:  - bVerifyPeer = true  - Libcurl will verify peer certificate
LogInit:  - bUseHttpProxy = false  - Libcurl will NOT use HTTP proxy
LogInit:  - bDontReuseConnections = false  - Libcurl will reuse connections
LogInit:  - MaxHostConnections = 16  - Libcurl will limit the number of connections to a host
LogInit:  - LocalHostAddr = Default
LogInit:  - BufferSize = 65536
LogOnline: OSS: Creating online subsystem instance for: NULL
LogInit: WinSock: version 1.1 (2.2), MaxSocks=32767, MaxUdp=65467
LogOnline: OSS: TryLoadSubsystemAndSetDefault: Loaded subsystem for module [NULL]
LogInit: Build: ++UE4+Release-4.25-CL-14469661
LogInit: Engine Version: 4.25.4-14469661+++UE4+Release-4.25
LogInit: Compatible Engine Version: 4.25.0-13144385+++UE4+Release-4.25
LogInit: Net CL: 13144385
LogInit: OS: Windows 10 (Release 2004) (), CPU: Intel(R) Core(TM) i7-9700 CPU @ 3.00GHz, GPU: NVIDIA GeForce GT 1030
LogInit: Compiled (64-bit): Oct 11 2020 08:10:49
LogInit: Compiled with Visual C++: 19.24.28315.00
LogInit: Build Configuration: Development
LogInit: Branch Name: ++UE4+Release-4.25
LogInit: Command Line: 
LogInit: Base Directory: C:/Epic/UE_4.25/Engine/Binaries/Win64/
LogInit: Allocator: TBB
LogInit: Installed Engine Build: 1
LogDevObjectVersion: Number of dev versions registered: 26
LogDevObjectVersion:   Dev-Blueprints (B0D832E4-1F89-4F0D-ACCF-7EB736FD4AA2): 10
LogDevObjectVersion:   Dev-Build (E1C64328-A22C-4D53-A36C-8E866417BD8C): 0
LogDevObjectVersion:   Dev-Core (375EC13C-06E4-48FB-B500-84F0262A717E): 4
LogDevObjectVersion:   Dev-Editor (E4B068ED-F494-42E9-A231-DA0B2E46BB41): 38
LogDevObjectVersion:   Dev-Framework (CFFC743F-43B0-4480-9391-14DF171D2073): 37
LogDevObjectVersion:   Dev-Mobile (B02B49B5-BB20-44E9-A304-32B752E40360): 2
LogDevObjectVersion:   Dev-Networking (A4E4105C-59A1-49B5-A7C5-40C4547EDFEE): 0
LogDevObjectVersion:   Dev-Online (39C831C9-5AE6-47DC-9A44-9C173E1C8E7C): 0
LogDevObjectVersion:   Dev-Physics (78F01B33-EBEA-4F98-B9B4-84EACCB95AA2): 4
LogDevObjectVersion:   Dev-Platform (6631380F-2D4D-43E0-8009-CF276956A95A): 0
LogDevObjectVersion:   Dev-Rendering (12F88B9F-8875-4AFC-A67C-D90C383ABD29): 43
LogDevObjectVersion:   Dev-Sequencer (7B5AE74C-D270-4C10-A958-57980B212A5A): 12
LogDevObjectVersion:   Dev-VR (D7296918-1DD6-4BDD-9DE2-64A83CC13884): 3
LogDevObjectVersion:   Dev-LoadTimes (C2A15278-BFE7-4AFE-6C17-90FF531DF755): 1
LogDevObjectVersion:   Private-Geometry (6EACA3D4-40EC-4CC1-B786-8BED09428FC5): 3
LogDevObjectVersion:   Dev-AnimPhys (29E575DD-E0A3-4627-9D10-D276232CDCEA): 17
LogDevObjectVersion:   Dev-Anim (AF43A65D-7FD3-4947-9873-3E8ED9C1BB05): 7
LogDevObjectVersion:   Dev-ReflectionCapture (6B266CEC-1EC7-4B8F-A30B-E4D90942FC07): 1
LogDevObjectVersion:   Dev-Automation (0DF73D61-A23F-47EA-B727-89E90C41499A): 1
LogDevObjectVersion:   FortniteMain (601D1886-AC64-4F84-AA16-D3DE0DEAC7D6): 31
LogDevObjectVersion:   Dev-Enterprise (9DFFBCD6-494F-0158-E221-12823C92A888): 10
LogDevObjectVersion:   Dev-Niagara (F2AED0AC-9AFE-416F-8664-AA7FFA26D6FC): 1
LogDevObjectVersion:   Dev-Destruction (174F1F0B-B4C6-45A5-B13F-2EE8D0FB917D): 10
LogDevObjectVersion:   Dev-Physics-Ext (35F94A83-E258-406C-A318-09F59610247C): 37
LogDevObjectVersion:   Dev-PhysicsMaterial-Chaos (B68FC16E-8B1B-42E2-B453-215C058844FE): 1
LogDevObjectVersion:   Dev-CineCamera (B2E18506-4273-CFC2-A54E-F4BB758BBA07): 1
LogInit: Presizing for max 25165824 objects, including 0 objects not considered by GC, pre-allocating 0 bytes for permanent pool.
LogConfig: Applying CVar settings from Section [/Script/Engine.StreamingSettings] File [C:/Users/carverg/Desktop/CS328-Project/CS328/Saved/Config/Windows/Engine.ini]
LogConfig: Setting CVar [[s.MinBulkDataSizeForAsyncLoading:131072]]
LogConfig: Setting CVar [[s.AsyncLoadingThreadEnabled:0]]
LogConfig: Setting CVar [[s.EventDrivenLoaderEnabled:1]]
LogConfig: Setting CVar [[s.WarnIfTimeLimitExceeded:0]]
LogConfig: Setting CVar [[s.TimeLimitExceededMultiplier:1.5]]
LogConfig: Setting CVar [[s.TimeLimitExceededMinTime:0.005]]
LogConfig: Setting CVar [[s.UseBackgroundLevelStreaming:1]]
LogConfig: Setting CVar [[s.PriorityAsyncLoadingExtraTime:15.0]]
LogConfig: Setting CVar [[s.LevelStreamingActorsUpdateTimeLimit:5.0]]
LogConfig: Setting CVar [[s.PriorityLevelStreamingActorsUpdateExtraTime:5.0]]
LogConfig: Setting CVar [[s.LevelStreamingComponentsRegistrationGranularity:10]]
LogConfig: Setting CVar [[s.UnregisterComponentsTimeLimit:1.0]]
LogConfig: Setting CVar [[s.LevelStreamingComponentsUnregistrationGranularity:5]]
LogConfig: Setting CVar [[s.FlushStreamingOnExit:1]]
LogInit: Object subsystem initialized
LogConfig: Setting CVar [[con.DebugEarlyDefault:1]]
LogConfig: Setting CVar [[r.setres:1280x720]]
[2021.11.12-23.15.56:433][  0]LogConfig: Setting CVar [[r.VSync:0]]
[2021.11.12-23.15.56:433][  0]LogConfig: Setting CVar [[r.RHICmdBypass:0]]
[2021.11.12-23.15.56:433][  0]LogConfig: Applying CVar settings from Section [/Script/Engine.RendererSettings] File [C:/Users/carverg/Desktop/CS328-Project/CS328/Saved/Config/Windows/Engine.ini]
[2021.11.12-23.15.56:433][  0]LogConfig: Setting CVar [[r.GPUCrashDebugging:0]]
[2021.11.12-23.15.56:433][  0]LogConfig: Setting CVar [[r.DefaultFeature.AutoExposure.ExtendDefaultLuminanceRange:1]]
[2021.11.12-23.15.56:433][  0]LogConfig: Applying CVar settings from Section [/Script/Engine.RendererOverrideSettings] File [C:/Users/carverg/Desktop/CS328-Project/CS328/Saved/Config/Windows/Engine.ini]
[2021.11.12-23.15.56:433][  0]LogConfig: Applying CVar settings from Section [/Script/Engine.StreamingSettings] File [C:/Users/carverg/Desktop/CS328-Project/CS328/Saved/Config/Windows/Engine.ini]
[2021.11.12-23.15.56:433][  0]LogConfig: Setting CVar [[s.MinBulkDataSizeForAsyncLoading:131072]]
[2021.11.12-23.15.56:433][  0]LogConfig: Setting CVar [[s.AsyncLoadingThreadEnabled:0]]
[2021.11.12-23.15.56:433][  0]LogConfig: Setting CVar [[s.EventDrivenLoaderEnabled:1]]
[2021.11.12-23.15.56:433][  0]LogConfig: Setting CVar [[s.WarnIfTimeLimitExceeded:0]]
[2021.11.12-23.15.56:433][  0]LogConfig: Setting CVar [[s.TimeLimitExceededMultiplier:1.5]]
[2021.11.12-23.15.56:433][  0]LogConfig: Setting CVar [[s.TimeLimitExceededMinTime:0.005]]
[2021.11.12-23.15.56:433][  0]LogConfig: Setting CVar [[s.UseBackgroundLevelStreaming:1]]
[2021.11.12-23.15.56:433][  0]LogConfig: Setting CVar [[s.PriorityAsyncLoadingExtraTime:15.0]]
[2021.11.12-23.15.56:433][  0]LogConfig: Setting CVar [[s.LevelStreamingActorsUpdateTimeLimit:5.0]]
[2021.11.12-23.15.56:433][  0]LogConfig: Setting CVar [[s.PriorityLevelStreamingActorsUpdateExtraTime:5.0]]
[2021.11.12-23.15.56:433][  0]LogConfig: Setting CVar [[s.LevelStreamingComponentsRegistrationGranularity:10]]
[2021.11.12-23.15.56:433][  0]LogConfig: Setting CVar [[s.UnregisterComponentsTimeLimit:1.0]]
[2021.11.12-23.15.56:433][  0]LogConfig: Setting CVar [[s.LevelStreamingComponentsUnregistrationGranularity:5]]
[2021.11.12-23.15.56:433][  0]LogConfig: Setting CVar [[s.FlushStreamingOnExit:1]]
[2021.11.12-23.15.56:433][  0]LogConfig: Applying CVar settings from Section [/Script/Engine.GarbageCollectionSettings] File [C:/Users/carverg/Desktop/CS328-Project/CS328/Saved/Config/Windows/Engine.ini]
[2021.11.12-23.15.56:433][  0]LogConfig: Setting CVar [[gc.MaxObjectsNotConsideredByGC:1]]
[2021.11.12-23.15.56:433][  0]LogConfig: Setting CVar [[gc.SizeOfPermanentObjectPool:0]]
[2021.11.12-23.15.56:433][  0]LogConfig: Setting CVar [[gc.FlushStreamingOnGC:0]]
[2021.11.12-23.15.56:433][  0]LogConfig: Setting CVar [[gc.NumRetriesBeforeForcingGC:10]]
[2021.11.12-23.15.56:433][  0]LogConfig: Setting CVar [[gc.AllowParallelGC:1]]
[2021.11.12-23.15.56:433][  0]LogConfig: Setting CVar [[gc.TimeBetweenPurgingPendingKillObjects:61.1]]
[2021.11.12-23.15.56:433][  0]LogConfig: Setting CVar [[gc.MaxObjectsInEditor:25165824]]
[2021.11.12-23.15.56:433][  0]LogConfig: Setting CVar [[gc.IncrementalBeginDestroyEnabled:1]]
[2021.11.12-23.15.56:433][  0]LogConfig: Setting CVar [[gc.CreateGCClusters:1]]
[2021.11.12-23.15.56:433][  0]LogConfig: Setting CVar [[gc.MinGCClusterSize:5]]
[2021.11.12-23.15.56:433][  0]LogConfig: Setting CVar [[gc.ActorClusteringEnabled:0]]
[2021.11.12-23.15.56:433][  0]LogConfig: Setting CVar [[gc.BlueprintClusteringEnabled:0]]
[2021.11.12-23.15.56:433][  0]LogConfig: Setting CVar [[gc.UseDisregardForGCOnDedicatedServers:0]]
[2021.11.12-23.15.56:433][  0]LogConfig: Applying CVar settings from Section [/Script/Engine.NetworkSettings] File [C:/Users/carverg/Desktop/CS328-Project/CS328/Saved/Config/Windows/Engine.ini]
[2021.11.12-23.15.56:433][  0]LogConfig: Applying CVar settings from Section [/Script/UnrealEd.CookerSettings] File [C:/Users/carverg/Desktop/CS328-Project/CS328/Saved/Config/Windows/Engine.ini]
[2021.11.12-23.15.56:435][  0]LogConfig: Applying CVar settings from Section [ViewDistanceQuality@3] File [C:/Users/carverg/Desktop/CS328-Project/CS328/Saved/Config/Windows/Scalability.ini]
[2021.11.12-23.15.56:435][  0]LogConfig: Setting CVar [[r.SkeletalMeshLODBias:0]]
[2021.11.12-23.15.56:435][  0]LogConfig: Setting CVar [[r.ViewDistanceScale:1.0]]
[2021.11.12-23.15.56:435][  0]LogConfig: Applying CVar settings from Section [AntiAliasingQuality@3] File [C:/Users/carverg/Desktop/CS328-Project/CS328/Saved/Config/Windows/Scalability.ini]
[2021.11.12-23.15.56:435][  0]LogConfig: Setting CVar [[r.PostProcessAAQuality:4]]
[2021.11.12-23.15.56:435][  0]LogConfig: Applying CVar settings from Section [ShadowQuality@3] File [C:/Users/carverg/Desktop/CS328-Project/CS328/Saved/Config/Windows/Scalability.ini]
[2021.11.12-23.15.56:435][  0]LogConfig: Setting CVar [[r.LightFunctionQuality:1]]
[2021.11.12-23.15.56:435][  0]LogConfig: Setting CVar [[r.ShadowQuality:5]]
[2021.11.12-23.15.56:435][  0]LogConfig: Setting CVar [[r.Shadow.CSM.MaxCascades:10]]
[2021.11.12-23.15.56:435][  0]LogConfig: Setting CVar [[r.Shadow.MaxResolution:2048]]
[2021.11.12-23.15.56:435][  0]LogConfig: Setting CVar [[r.Shadow.MaxCSMResolution:2048]]
[2021.11.12-23.15.56:435][  0]LogConfig: Setting CVar [[r.Shadow.RadiusThreshold:0.01]]
[2021.11.12-23.15.56:435][  0]LogConfig: Setting CVar [[r.Shadow.DistanceScale:1.0]]
[2021.11.12-23.15.56:435][  0]LogConfig: Setting CVar [[r.Shadow.CSM.TransitionScale:1.0]]
[2021.11.12-23.15.56:435][  0]LogConfig: Setting CVar [[r.Shadow.PreShadowResolutionFactor:1.0]]
[2021.11.12-23.15.56:435][  0]LogConfig: Setting CVar [[r.DistanceFieldShadowing:1]]
[2021.11.12-23.15.56:435][  0]LogConfig: Setting CVar [[r.DistanceFieldAO:1]]
[2021.11.12-23.15.56:435][  0]LogConfig: Setting CVar [[r.AOQuality:2]]
[2021.11.12-23.15.56:435][  0]LogConfig: Setting CVar [[r.VolumetricFog:1]]
[2021.11.12-23.15.56:435][  0]LogConfig: Setting CVar [[r.VolumetricFog.GridPixelSize:8]]
[2021.11.12-23.15.56:435][  0]LogConfig: Setting CVar [[r.VolumetricFog.GridSizeZ:128]]
[2021.11.12-23.15.56:435][  0]LogConfig: Setting CVar [[r.VolumetricFog.HistoryMissSupersampleCount:4]]
[2021.11.12-23.15.56:435][  0]LogConfig: Setting CVar [[r.LightMaxDrawDistanceScale:1]]
[2021.11.12-23.15.56:435][  0]LogConfig: Setting CVar [[r.CapsuleShadows:1]]
[2021.11.12-23.15.56:435][  0]LogConfig: Applying CVar settings from Section [PostProcessQuality@3] File [C:/Users/carverg/Desktop/CS328-Project/CS328/Saved/Config/Windows/Scalability.ini]
[2021.11.12-23.15.56:435][  0]LogConfig: Setting CVar [[r.MotionBlurQuality:4]]
[2021.11.12-23.15.56:435][  0]LogConfig: Setting CVar [[r.AmbientOcclusionMipLevelFactor:0.4]]
[2021.11.12-23.15.56:435][  0]LogConfig: Setting CVar [[r.AmbientOcclusionMaxQuality:100]]
[2021.11.12-23.15.56:435][  0]LogConfig: Setting CVar [[r.AmbientOcclusionLevels:-1]]
[2021.11.12-23.15.56:435][  0]LogConfig: Setting CVar [[r.AmbientOcclusionRadiusScale:1.0]]
[2021.11.12-23.15.56:435][  0]LogConfig: Setting CVar [[r.DepthOfFieldQuality:2]]
[2021.11.12-23.15.56:435][  0]LogConfig: Setting CVar [[r.RenderTargetPoolMin:400]]
[2021.11.12-23.15.56:435][  0]LogConfig: Setting CVar [[r.LensFlareQuality:2]]
[2021.11.12-23.15.56:435][  0]LogConfig: Setting CVar [[r.SceneColorFringeQuality:1]]
[2021.11.12-23.15.56:435][  0]LogConfig: Setting CVar [[r.EyeAdaptationQuality:2]]
[2021.11.12-23.15.56:435][  0]LogConfig: Setting CVar [[r.BloomQuality:5]]
[2021.11.12-23.15.56:435][  0]LogConfig: Setting CVar [[r.FastBlurThreshold:100]]
[2021.11.12-23.15.56:435][  0]LogConfig: Setting CVar [[r.Upscale.Quality:3]]
[2021.11.12-23.15.56:435][  0]LogConfig: Setting CVar [[r.Tonemapper.GrainQuantization:1]]
[2021.11.12-23.15.56:435][  0]LogConfig: Setting CVar [[r.LightShaftQuality:1]]
[2021.11.12-23.15.56:435][  0]LogConfig: Setting CVar [[r.Filter.SizeScale:1]]
[2021.11.12-23.15.56:435][  0]LogConfig: Setting CVar [[r.Tonemapper.Quality:5]]
[2021.11.12-23.15.56:435][  0]LogConfig: Setting CVar [[r.DOF.Gather.AccumulatorQuality:1        ; higher gathering accumulator quality]]
[2021.11.12-23.15.56:435][  0]LogConfig: Setting CVar [[r.DOF.Gather.PostfilterMethod:1          ; Median3x3 postfilering method]]
[2021.11.12-23.15.56:435][  0]LogConfig: Setting CVar [[r.DOF.Gather.EnableBokehSettings:0       ; no bokeh simulation when gathering]]
[2021.11.12-23.15.56:435][  0]LogConfig: Setting CVar [[r.DOF.Gather.RingCount:4                 ; medium number of samples when gathering]]
[2021.11.12-23.15.56:435][  0]LogConfig: Setting CVar [[r.DOF.Scatter.ForegroundCompositing:1    ; additive foreground scattering]]
[2021.11.12-23.15.56:435][  0]LogConfig: Setting CVar [[r.DOF.Scatter.BackgroundCompositing:2    ; additive background scattering]]
[2021.11.12-23.15.56:435][  0]LogConfig: Setting CVar [[r.DOF.Scatter.EnableBokehSettings:1      ; bokeh simulation when scattering]]
[2021.11.12-23.15.56:435][  0]LogConfig: Setting CVar [[r.DOF.Scatter.MaxSpriteRatio:0.1         ; only a maximum of 10% of scattered bokeh]]
[2021.11.12-23.15.56:435][  0]LogConfig: Setting CVar [[r.DOF.Recombine.Quality:1                ; cheap slight out of focus]]
[2021.11.12-23.15.56:435][  0]LogConfig: Setting CVar [[r.DOF.Recombine.EnableBokehSettings:0    ; no bokeh simulation on slight out of focus]]
[2021.11.12-23.15.56:435][  0]LogConfig: Setting CVar [[r.DOF.TemporalAAQuality:1                ; more stable temporal accumulation]]
[2021.11.12-23.15.56:435][  0]LogConfig: Setting CVar [[r.DOF.Kernel.MaxForegroundRadius:0.025]]
[2021.11.12-23.15.56:435][  0]LogConfig: Setting CVar [[r.DOF.Kernel.MaxBackgroundRadius:0.025]]
[2021.11.12-23.15.56:435][  0]LogConfig: Applying CVar settings from Section [TextureQuality@3] File [C:/Users/carverg/Desktop/CS328-Project/CS328/Saved/Config/Windows/Scalability.ini]
[2021.11.12-23.15.56:435][  0]LogConfig: Setting CVar [[r.Streaming.MipBias:0]]
[2021.11.12-23.15.56:435][  0]LogConfig: Setting CVar [[r.Streaming.AmortizeCPUToGPUCopy:0]]
[2021.11.12-23.15.56:435][  0]LogConfig: Setting CVar [[r.Streaming.MaxNumTexturesToStreamPerFrame:0]]
[2021.11.12-23.15.56:435][  0]LogConfig: Setting CVar [[r.Streaming.Boost:1]]
[2021.11.12-23.15.56:436][  0]LogConfig: Setting CVar [[r.MaxAnisotropy:8]]
[2021.11.12-23.15.56:436][  0]LogConfig: Setting CVar [[r.VT.MaxAnisotropy:8]]
[2021.11.12-23.15.56:436][  0]LogConfig: Setting CVar [[r.Streaming.LimitPoolSizeToVRAM:0]]
[2021.11.12-23.15.56:436][  0]LogConfig: Setting CVar [[r.Streaming.PoolSize:1000]]
[2021.11.12-23.15.56:436][  0]LogConfig: Setting CVar [[r.Streaming.MaxEffectiveScreenSize:0]]
[2021.11.12-23.15.56:436][  0]LogConfig: Applying CVar settings from Section [EffectsQuality@3] File [C:/Users/carverg/Desktop/CS328-Project/CS328/Saved/Config/Windows/Scalability.ini]
[2021.11.12-23.15.56:436][  0]LogConfig: Setting CVar [[r.TranslucencyLightingVolumeDim:64]]
[2021.11.12-23.15.56:436][  0]LogConfig: Setting CVar [[r.RefractionQuality:2]]
[2021.11.12-23.15.56:436][  0]LogConfig: Setting CVar [[r.SSR.Quality:3]]
[2021.11.12-23.15.56:436][  0]LogConfig: Setting CVar [[r.SSR.HalfResSceneColor:0]]
[2021.11.12-23.15.56:436][  0]LogConfig: Setting CVar [[r.SceneColorFormat:4]]
[2021.11.12-23.15.56:436][  0]LogConfig: Setting CVar [[r.DetailMode:2]]
[2021.11.12-23.15.56:436][  0]LogConfig: Setting CVar [[r.TranslucencyVolumeBlur:1]]
[2021.11.12-23.15.56:436][  0]LogConfig: Setting CVar [[r.MaterialQualityLevel:1 ; High quality]]
[2021.11.12-23.15.56:436][  0]LogConfig: Setting CVar [[r.SSS.Scale:1]]
[2021.11.12-23.15.56:436][  0]LogConfig: Setting CVar [[r.SSS.SampleSet:2]]
[2021.11.12-23.15.56:436][  0]LogConfig: Setting CVar [[r.SSS.Quality:1]]
[2021.11.12-23.15.56:436][  0]LogConfig: Setting CVar [[r.SSS.HalfRes:0]]
[2021.11.12-23.15.56:436][  0]LogConfig: Setting CVar [[r.SSGI.Quality:3]]
[2021.11.12-23.15.56:436][  0]LogConfig: Setting CVar [[r.EmitterSpawnRateScale:1.0]]
[2021.11.12-23.15.56:436][  0]LogConfig: Setting CVar [[r.ParticleLightQuality:2]]
[2021.11.12-23.15.56:436][  0]LogConfig: Setting CVar [[r.SkyAtmosphere.AerialPerspectiveLUT.FastApplyOnOpaque:1 ; Always have FastSkyLUT 1 in this case to avoid wrong sky]]
[2021.11.12-23.15.56:436][  0]LogConfig: Setting CVar [[r.SkyAtmosphere.AerialPerspectiveLUT.SampleCountPerSlice:1]]
[2021.11.12-23.15.56:436][  0]LogConfig: Setting CVar [[r.SkyAtmosphere.AerialPerspectiveLUT.DepthResolution:16.0]]
[2021.11.12-23.15.56:436][  0]LogConfig: Setting CVar [[r.SkyAtmosphere.FastSkyLUT:1]]
[2021.11.12-23.15.56:436][  0]LogConfig: Setting CVar [[r.SkyAtmosphere.FastSkyLUT.SampleCountMin:4.0]]
[2021.11.12-23.15.56:436][  0]LogConfig: Setting CVar [[r.SkyAtmosphere.FastSkyLUT.SampleCountMax:32.0]]
[2021.11.12-23.15.56:436][  0]LogConfig: Setting CVar [[r.SkyAtmosphere.SampleCountMin:4.0]]
[2021.11.12-23.15.56:436][  0]LogConfig: Setting CVar [[r.SkyAtmosphere.SampleCountMax:32.0]]
[2021.11.12-23.15.56:436][  0]LogConfig: Setting CVar [[r.SkyAtmosphere.TransmittanceLUT.UseSmallFormat:0]]
[2021.11.12-23.15.56:436][  0]LogConfig: Setting CVar [[r.SkyAtmosphere.TransmittanceLUT.SampleCount:10.0]]
[2021.11.12-23.15.56:436][  0]LogConfig: Setting CVar [[r.SkyAtmosphere.MultiScatteringLUT.SampleCount:15.0]]
[2021.11.12-23.15.56:436][  0]LogConfig: Applying CVar settings from Section [FoliageQuality@3] File [C:/Users/carverg/Desktop/CS328-Project/CS328/Saved/Config/Windows/Scalability.ini]
[2021.11.12-23.15.56:436][  0]LogConfig: Setting CVar [[foliage.DensityScale:1.0]]
[2021.11.12-23.15.56:436][  0]LogConfig: Setting CVar [[grass.DensityScale:1.0]]
[2021.11.12-23.15.56:436][  0]LogConfig: Applying CVar settings from Section [ShadingQuality@3] File [C:/Users/carverg/Desktop/CS328-Project/CS328/Saved/Config/Windows/Scalability.ini]
[2021.11.12-23.15.56:436][  0]LogConfig: Setting CVar [[r.HairStrands.SkyLighting.SampleCount:16]]
[2021.11.12-23.15.56:436][  0]LogConfig: Setting CVar [[r.HairStrands.SkyLighting.JitterIntegration:0]]
[2021.11.12-23.15.56:436][  0]LogConfig: Setting CVar [[r.HairStrands.SkyAO.SampleCount:16]]
[2021.11.12-23.15.56:436][  0]LogConfig: Setting CVar [[r.HairStrands.DeepShadow.SuperSampling:0]]
[2021.11.12-23.15.56:436][  0]LogConfig: Setting CVar [[r.HairStrands.VisibilityPPLL:0]]
[2021.11.12-23.15.56:436][  0]LogConfig: Setting CVar [[r.HairStrands.RasterizationScale:0.5]]
[2021.11.12-23.15.56:436][  0]LogConfig: Setting CVar [[r.HairStrands.VelocityRasterizationScale:1]]
[2021.11.12-23.15.56:436][  0]LogInit: Selected Device Profile: [Windows]
[2021.11.12-23.15.56:436][  0]LogInit: Applying CVar settings loaded from the selected device profile: [Windows]
[2021.11.12-23.15.56:436][  0]LogHAL: Display: Platform has ~ 16 GB [17001242624 / 17179869184 / 16], which maps to Larger [LargestMinGB=32, LargerMinGB=12, DefaultMinGB=8, SmallerMinGB=6, SmallestMinGB=0)
[2021.11.12-23.15.56:436][  0]LogInit: Going up to parent DeviceProfile []
[2021.11.12-23.15.56:436][  0]LogConfig: Applying CVar settings from Section [ViewDistanceQuality@3] File [C:/Users/carverg/Desktop/CS328-Project/CS328/Saved/Config/Windows/Scalability.ini]
[2021.11.12-23.15.56:436][  0]LogConfig: Setting CVar [[r.SkeletalMeshLODBias:0]]
[2021.11.12-23.15.56:436][  0]LogConfig: Setting CVar [[r.ViewDistanceScale:1.0]]
[2021.11.12-23.15.56:436][  0]LogConfig: Applying CVar settings from Section [AntiAliasingQuality@3] File [C:/Users/carverg/Desktop/CS328-Project/CS328/Saved/Config/Windows/Scalability.ini]
[2021.11.12-23.15.56:436][  0]LogConfig: Setting CVar [[r.PostProcessAAQuality:4]]
[2021.11.12-23.15.56:436][  0]LogConfig: Applying CVar settings from Section [ShadowQuality@3] File [C:/Users/carverg/Desktop/CS328-Project/CS328/Saved/Config/Windows/Scalability.ini]
[2021.11.12-23.15.56:436][  0]LogConfig: Setting CVar [[r.LightFunctionQuality:1]]
[2021.11.12-23.15.56:436][  0]LogConfig: Setting CVar [[r.ShadowQuality:5]]
[2021.11.12-23.15.56:436][  0]LogConfig: Setting CVar [[r.Shadow.CSM.MaxCascades:10]]
[2021.11.12-23.15.56:436][  0]LogConfig: Setting CVar [[r.Shadow.MaxResolution:2048]]
[2021.11.12-23.15.56:436][  0]LogConfig: Setting CVar [[r.Shadow.MaxCSMResolution:2048]]
[2021.11.12-23.15.56:436][  0]LogConfig: Setting CVar [[r.Shadow.RadiusThreshold:0.01]]
[2021.11.12-23.15.56:436][  0]LogConfig: Setting CVar [[r.Shadow.DistanceScale:1.0]]
[2021.11.12-23.15.56:436][  0]LogConfig: Setting CVar [[r.Shadow.CSM.TransitionScale:1.0]]
[2021.11.12-23.15.56:436][  0]LogConfig: Setting CVar [[r.Shadow.PreShadowResolutionFactor:1.0]]
[2021.11.12-23.15.56:436][  0]LogConfig: Setting CVar [[r.DistanceFieldShadowing:1]]
[2021.11.12-23.15.56:436][  0]LogConfig: Setting CVar [[r.DistanceFieldAO:1]]
[2021.11.12-23.15.56:436][  0]LogConfig: Setting CVar [[r.AOQuality:2]]
[2021.11.12-23.15.56:436][  0]LogConfig: Setting CVar [[r.VolumetricFog:1]]
[2021.11.12-23.15.56:436][  0]LogConfig: Setting CVar [[r.VolumetricFog.GridPixelSize:8]]
[2021.11.12-23.15.56:436][  0]LogConfig: Setting CVar [[r.VolumetricFog.GridSizeZ:128]]
[2021.11.12-23.15.56:436][  0]LogConfig: Setting CVar [[r.VolumetricFog.HistoryMissSupersampleCount:4]]
[2021.11.12-23.15.56:436][  0]LogConfig: Setting CVar [[r.LightMaxDrawDistanceScale:1]]
[2021.11.12-23.15.56:436][  0]LogConfig: Setting CVar [[r.CapsuleShadows:1]]
[2021.11.12-23.15.56:436][  0]LogConfig: Applying CVar settings from Section [PostProcessQuality@3] File [C:/Users/carverg/Desktop/CS328-Project/CS328/Saved/Config/Windows/Scalability.ini]
[2021.11.12-23.15.56:436][  0]LogConfig: Setting CVar [[r.MotionBlurQuality:4]]
[2021.11.12-23.15.56:436][  0]LogConfig: Setting CVar [[r.AmbientOcclusionMipLevelFactor:0.4]]
[2021.11.12-23.15.56:436][  0]LogConfig: Setting CVar [[r.AmbientOcclusionMaxQuality:100]]
[2021.11.12-23.15.56:436][  0]LogConfig: Setting CVar [[r.AmbientOcclusionLevels:-1]]
[2021.11.12-23.15.56:436][  0]LogConfig: Setting CVar [[r.AmbientOcclusionRadiusScale:1.0]]
[2021.11.12-23.15.56:436][  0]LogConfig: Setting CVar [[r.DepthOfFieldQuality:2]]
[2021.11.12-23.15.56:436][  0]LogConfig: Setting CVar [[r.RenderTargetPoolMin:400]]
[2021.11.12-23.15.56:436][  0]LogConfig: Setting CVar [[r.LensFlareQuality:2]]
[2021.11.12-23.15.56:436][  0]LogConfig: Setting CVar [[r.SceneColorFringeQuality:1]]
[2021.11.12-23.15.56:436][  0]LogConfig: Setting CVar [[r.EyeAdaptationQuality:2]]
[2021.11.12-23.15.56:436][  0]LogConfig: Setting CVar [[r.BloomQuality:5]]
[2021.11.12-23.15.56:436][  0]LogConfig: Setting CVar [[r.FastBlurThreshold:100]]
[2021.11.12-23.15.56:436][  0]LogConfig: Setting CVar [[r.Upscale.Quality:3]]
[2021.11.12-23.15.56:436][  0]LogConfig: Setting CVar [[r.Tonemapper.GrainQuantization:1]]
[2021.11.12-23.15.56:436][  0]LogConfig: Setting CVar [[r.LightShaftQuality:1]]
[2021.11.12-23.15.56:436][  0]LogConfig: Setting CVar [[r.Filter.SizeScale:1]]
[2021.11.12-23.15.56:436][  0]LogConfig: Setting CVar [[r.Tonemapper.Quality:5]]
[2021.11.12-23.15.56:436][  0]LogConfig: Setting CVar [[r.DOF.Gather.AccumulatorQuality:1        ; higher gathering accumulator quality]]
[2021.11.12-23.15.56:436][  0]LogConfig: Setting CVar [[r.DOF.Gather.PostfilterMethod:1          ; Median3x3 postfilering method]]
[2021.11.12-23.15.56:436][  0]LogConfig: Setting CVar [[r.DOF.Gather.EnableBokehSettings:0       ; no bokeh simulation when gathering]]
[2021.11.12-23.15.56:436][  0]LogConfig: Setting CVar [[r.DOF.Gather.RingCount:4                 ; medium number of samples when gathering]]
[2021.11.12-23.15.56:436][  0]LogConfig: Setting CVar [[r.DOF.Scatter.ForegroundCompositing:1    ; additive foreground scattering]]
[2021.11.12-23.15.56:436][  0]LogConfig: Setting CVar [[r.DOF.Scatter.BackgroundCompositing:2    ; additive background scattering]]
[2021.11.12-23.15.56:436][  0]LogConfig: Setting CVar [[r.DOF.Scatter.EnableBokehSettings:1      ; bokeh simulation when scattering]]
[2021.11.12-23.15.56:436][  0]LogConfig: Setting CVar [[r.DOF.Scatter.MaxSpriteRatio:0.1         ; only a maximum of 10% of scattered bokeh]]
[2021.11.12-23.15.56:436][  0]LogConfig: Setting CVar [[r.DOF.Recombine.Quality:1                ; cheap slight out of focus]]
[2021.11.12-23.15.56:436][  0]LogConfig: Setting CVar [[r.DOF.Recombine.EnableBokehSettings:0    ; no bokeh simulation on slight out of focus]]
[2021.11.12-23.15.56:437][  0]LogConfig: Setting CVar [[r.DOF.TemporalAAQuality:1                ; more stable temporal accumulation]]
[2021.11.12-23.15.56:437][  0]LogConfig: Setting CVar [[r.DOF.Kernel.MaxForegroundRadius:0.025]]
[2021.11.12-23.15.56:437][  0]LogConfig: Setting CVar [[r.DOF.Kernel.MaxBackgroundRadius:0.025]]
[2021.11.12-23.15.56:437][  0]LogConfig: Applying CVar settings from Section [TextureQuality@3] File [C:/Users/carverg/Desktop/CS328-Project/CS328/Saved/Config/Windows/Scalability.ini]
[2021.11.12-23.15.56:437][  0]LogConfig: Setting CVar [[r.Streaming.MipBias:0]]
[2021.11.12-23.15.56:437][  0]LogConfig: Setting CVar [[r.Streaming.AmortizeCPUToGPUCopy:0]]
[2021.11.12-23.15.56:437][  0]LogConfig: Setting CVar [[r.Streaming.MaxNumTexturesToStreamPerFrame:0]]
[2021.11.12-23.15.56:437][  0]LogConfig: Setting CVar [[r.Streaming.Boost:1]]
[2021.11.12-23.15.56:437][  0]LogConfig: Setting CVar [[r.MaxAnisotropy:8]]
[2021.11.12-23.15.56:437][  0]LogConfig: Setting CVar [[r.VT.MaxAnisotropy:8]]
[2021.11.12-23.15.56:437][  0]LogConfig: Setting CVar [[r.Streaming.LimitPoolSizeToVRAM:0]]
[2021.11.12-23.15.56:437][  0]LogConfig: Setting CVar [[r.Streaming.PoolSize:1000]]
[2021.11.12-23.15.56:437][  0]LogConfig: Setting CVar [[r.Streaming.MaxEffectiveScreenSize:0]]
[2021.11.12-23.15.56:437][  0]LogConfig: Applying CVar settings from Section [EffectsQuality@3] File [C:/Users/carverg/Desktop/CS328-Project/CS328/Saved/Config/Windows/Scalability.ini]
[2021.11.12-23.15.56:437][  0]LogConfig: Setting CVar [[r.TranslucencyLightingVolumeDim:64]]
[2021.11.12-23.15.56:437][  0]LogConfig: Setting CVar [[r.RefractionQuality:2]]
[2021.11.12-23.15.56:437][  0]LogConfig: Setting CVar [[r.SSR.Quality:3]]
[2021.11.12-23.15.56:437][  0]LogConfig: Setting CVar [[r.SSR.HalfResSceneColor:0]]
[2021.11.12-23.15.56:437][  0]LogConfig: Setting CVar [[r.SceneColorFormat:4]]
[2021.11.12-23.15.56:437][  0]LogConfig: Setting CVar [[r.DetailMode:2]]
[2021.11.12-23.15.56:437][  0]LogConfig: Setting CVar [[r.TranslucencyVolumeBlur:1]]
[2021.11.12-23.15.56:437][  0]LogConfig: Setting CVar [[r.MaterialQualityLevel:1 ; High quality]]
[2021.11.12-23.15.56:437][  0]LogConfig: Setting CVar [[r.SSS.Scale:1]]
[2021.11.12-23.15.56:437][  0]LogConfig: Setting CVar [[r.SSS.SampleSet:2]]
[2021.11.12-23.15.56:437][  0]LogConfig: Setting CVar [[r.SSS.Quality:1]]
[2021.11.12-23.15.56:437][  0]LogConfig: Setting CVar [[r.SSS.HalfRes:0]]
[2021.11.12-23.15.56:437][  0]LogConfig: Setting CVar [[r.SSGI.Quality:3]]
[2021.11.12-23.15.56:437][  0]LogConfig: Setting CVar [[r.EmitterSpawnRateScale:1.0]]
[2021.11.12-23.15.56:437][  0]LogConfig: Setting CVar [[r.ParticleLightQuality:2]]
[2021.11.12-23.15.56:437][  0]LogConfig: Setting CVar [[r.SkyAtmosphere.AerialPerspectiveLUT.FastApplyOnOpaque:1 ; Always have FastSkyLUT 1 in this case to avoid wrong sky]]
[2021.11.12-23.15.56:437][  0]LogConfig: Setting CVar [[r.SkyAtmosphere.AerialPerspectiveLUT.SampleCountPerSlice:1]]
[2021.11.12-23.15.56:437][  0]LogConfig: Setting CVar [[r.SkyAtmosphere.AerialPerspectiveLUT.DepthResolution:16.0]]
[2021.11.12-23.15.56:437][  0]LogConfig: Setting CVar [[r.SkyAtmosphere.FastSkyLUT:1]]
[2021.11.12-23.15.56:437][  0]LogConfig: Setting CVar [[r.SkyAtmosphere.FastSkyLUT.SampleCountMin:4.0]]
[2021.11.12-23.15.56:437][  0]LogConfig: Setting CVar [[r.SkyAtmosphere.FastSkyLUT.SampleCountMax:32.0]]
[2021.11.12-23.15.56:437][  0]LogConfig: Setting CVar [[r.SkyAtmosphere.SampleCountMin:4.0]]
[2021.11.12-23.15.56:437][  0]LogConfig: Setting CVar [[r.SkyAtmosphere.SampleCountMax:32.0]]
[2021.11.12-23.15.56:437][  0]LogConfig: Setting CVar [[r.SkyAtmosphere.TransmittanceLUT.UseSmallFormat:0]]
[2021.11.12-23.15.56:437][  0]LogConfig: Setting CVar [[r.SkyAtmosphere.TransmittanceLUT.SampleCount:10.0]]
[2021.11.12-23.15.56:437][  0]LogConfig: Setting CVar [[r.SkyAtmosphere.MultiScatteringLUT.SampleCount:15.0]]
[2021.11.12-23.15.56:437][  0]LogConfig: Applying CVar settings from Section [FoliageQuality@3] File [C:/Users/carverg/Desktop/CS328-Project/CS328/Saved/Config/Windows/Scalability.ini]
[2021.11.12-23.15.56:437][  0]LogConfig: Setting CVar [[foliage.DensityScale:1.0]]
[2021.11.12-23.15.56:437][  0]LogConfig: Setting CVar [[grass.DensityScale:1.0]]
[2021.11.12-23.15.56:437][  0]LogConfig: Applying CVar settings from Section [ShadingQuality@3] File [C:/Users/carverg/Desktop/CS328-Project/CS328/Saved/Config/Windows/Scalability.ini]
[2021.11.12-23.15.56:437][  0]LogConfig: Setting CVar [[r.HairStrands.SkyLighting.SampleCount:16]]
[2021.11.12-23.15.56:437][  0]LogConfig: Setting CVar [[r.HairStrands.SkyLighting.JitterIntegration:0]]
[2021.11.12-23.15.56:437][  0]LogConfig: Setting CVar [[r.HairStrands.SkyAO.SampleCount:16]]
[2021.11.12-23.15.56:437][  0]LogConfig: Setting CVar [[r.HairStrands.DeepShadow.SuperSampling:0]]
[2021.11.12-23.15.56:437][  0]LogConfig: Setting CVar [[r.HairStrands.VisibilityPPLL:0]]
[2021.11.12-23.15.56:437][  0]LogConfig: Setting CVar [[r.HairStrands.RasterizationScale:0.5]]
[2021.11.12-23.15.56:437][  0]LogConfig: Setting CVar [[r.HairStrands.VelocityRasterizationScale:1]]
[2021.11.12-23.15.56:437][  0]LogConfig: Applying CVar settings from Section [Startup] File [../../../Engine/Config/ConsoleVariables.ini]
[2021.11.12-23.15.56:437][  0]LogConfig: Setting CVar [[net.UseAdaptiveNetUpdateFrequency:0]]
[2021.11.12-23.15.56:437][  0]LogConfig: Setting CVar [[p.chaos.AllowCreatePhysxBodies:1]]
[2021.11.12-23.15.56:437][  0]LogConfig: Setting CVar [[fx.SkipVectorVMBackendOptimizations:1]]
[2021.11.12-23.15.56:437][  0]LogConfig: Applying CVar settings from Section [ConsoleVariables] File [C:/Users/carverg/Desktop/CS328-Project/CS328/Saved/Config/Windows/Engine.ini]
[2021.11.12-23.15.56:437][  0]LogInit: Computer: WPEB-101-B1
[2021.11.12-23.15.56:437][  0]LogInit: User: carverg
[2021.11.12-23.15.56:437][  0]LogInit: CPU Page size=4096, Cores=8
[2021.11.12-23.15.56:437][  0]LogInit: High frequency timer resolution =10.000000 MHz
[2021.11.12-23.15.56:437][  0]LogMemory: Memory total: Physical=15.8GB (16GB approx)
[2021.11.12-23.15.56:437][  0]LogMemory: Platform Memory Stats for Windows
[2021.11.12-23.15.56:437][  0]LogMemory: Process Physical Memory: 116.74 MB used, 116.75 MB peak
[2021.11.12-23.15.56:437][  0]LogMemory: Process Virtual Memory: 98.60 MB used, 98.60 MB peak
[2021.11.12-23.15.56:437][  0]LogMemory: Physical Memory: 8777.12 MB used,  7436.52 MB free, 16213.65 MB total
[2021.11.12-23.15.56:437][  0]LogMemory: Virtual Memory: 5150.95 MB used,  134212576.00 MB free, 134217728.00 MB total
[2021.11.12-23.15.56:442][  0]LogWindows: WindowsPlatformFeatures enabled
[2021.11.12-23.15.56:464][  0]LogInit: Physics initialised using underlying interface: PhysX
[2021.11.12-23.15.56:464][  0]LogInit: Using OS detected language (en-US).
[2021.11.12-23.15.56:464][  0]LogInit: Using OS detected locale (en-US).
[2021.11.12-23.15.56:467][  0]LogTextLocalizationManager: No specific localization for 'en-US' exists, so the 'en' localization will be used.
[2021.11.12-23.15.56:611][  0]LogInit: Setting process to per monitor DPI aware
[2021.11.12-23.15.56:632][  0]LogSlate: New Slate User Created.  User Index 0, Is Virtual User: 0
[2021.11.12-23.15.56:632][  0]LogSlate: Slate User Registered.  User Index 0, Is Virtual User: 0
[2021.11.12-23.15.56:734][  0]LogHMD: Failed to initialize OpenVR with code 110
[2021.11.12-23.15.56:734][  0]LogD3D11RHI: D3D11 min allowed feature level: 11_0
[2021.11.12-23.15.56:734][  0]LogD3D11RHI: D3D11 max allowed feature level: 11_0
[2021.11.12-23.15.56:734][  0]LogD3D11RHI: D3D11 adapters:
[2021.11.12-23.15.56:796][  0]LogD3D11RHI:    0. 'NVIDIA GeForce GT 1030' (Feature Level 11_0)
[2021.11.12-23.15.56:796][  0]LogD3D11RHI:       1982/0/8106 MB DedicatedVideo/DedicatedSystem/SharedSystem, Outputs:1, VendorId:0x10de
[2021.11.12-23.15.56:813][  0]LogD3D11RHI:    1. 'Intel(R) UHD Graphics 630' (Feature Level 11_0)
[2021.11.12-23.15.56:813][  0]LogD3D11RHI:       128/0/8106 MB DedicatedVideo/DedicatedSystem/SharedSystem, Outputs:0, VendorId:0x8086
[2021.11.12-23.15.56:815][  0]LogD3D11RHI:    2. 'Microsoft Basic Render Driver' (Feature Level 11_0)
[2021.11.12-23.15.56:815][  0]LogD3D11RHI:       0/0/8106 MB DedicatedVideo/DedicatedSystem/SharedSystem, Outputs:0, VendorId:0x1414
[2021.11.12-23.15.56:815][  0]LogD3D11RHI: Chosen D3D11 Adapter: 0
[2021.11.12-23.15.56:821][  0]LogD3D11RHI: Creating new Direct3DDevice
[2021.11.12-23.15.56:821][  0]LogD3D11RHI:     GPU DeviceId: 0x1d01 (for the marketing name, search the web for "GPU Device Id")
[2021.11.12-23.15.56:821][  0]LogWindows: EnumDisplayDevices:
[2021.11.12-23.15.56:821][  0]LogWindows:    0. 'NVIDIA GeForce GT 1030' (P:1 D:1)
[2021.11.12-23.15.56:821][  0]LogWindows:    1. 'NVIDIA GeForce GT 1030' (P:0 D:0)
[2021.11.12-23.15.56:821][  0]LogWindows:    2. 'Intel(R) UHD Graphics 630' (P:0 D:0)
[2021.11.12-23.15.56:822][  0]LogWindows:    3. 'Intel(R) UHD Graphics 630' (P:0 D:0)
[2021.11.12-23.15.56:822][  0]LogWindows:    4. 'Intel(R) UHD Graphics 630' (P:0 D:0)
[2021.11.12-23.15.56:822][  0]LogWindows: DebugString: PrimaryIsNotTheChoosenAdapter PrimaryIsNotTheChoosenAdapter PrimaryIsNotTheChoosenAdapter FoundDriverCount:2 
[2021.11.12-23.15.56:822][  0]LogD3D11RHI:     Adapter Name: NVIDIA GeForce GT 1030
[2021.11.12-23.15.56:822][  0]LogD3D11RHI:   Driver Version: 432.00 (internal:26.21.14.3200, unified:432.00)
[2021.11.12-23.15.56:822][  0]LogD3D11RHI:      Driver Date: 7-24-2019
[2021.11.12-23.15.56:822][  0]LogRHI: Texture pool is 1387 MB (70% of 1982 MB)
[2021.11.12-23.15.56:867][  0]LogD3D11RHI: RHI has support for 64 bit atomics
[2021.11.12-23.15.56:868][  0]LogD3D11RHI: Async texture creation enabled
[2021.11.12-23.15.56:868][  0]LogD3D11RHI: Array index from any shader is supported
[2021.11.12-23.15.56:929][  0]LogD3D11RHI: GPU Timing Frequency: 1000.000000 (Debug: 2 1)
[2021.11.12-23.15.57:158][  0]LogTargetPlatformManager: Display: Loaded TargetPlatform 'AllDesktop'
[2021.11.12-23.15.57:175][  0]LogTargetPlatformManager: Display: Loaded TargetPlatform 'Android'
[2021.11.12-23.15.57:175][  0]LogTargetPlatformManager: Display: Loaded TargetPlatform 'Android_ASTC'
[2021.11.12-23.15.57:175][  0]LogTargetPlatformManager: Display: Loaded TargetPlatform 'Android_DXT'
[2021.11.12-23.15.57:175][  0]LogTargetPlatformManager: Display: Loaded TargetPlatform 'Android_ETC2'
[2021.11.12-23.15.57:175][  0]LogTargetPlatformManager: Display: Loaded TargetPlatform 'AndroidClient'
[2021.11.12-23.15.57:175][  0]LogTargetPlatformManager: Display: Loaded TargetPlatform 'Android_ASTCClient'
[2021.11.12-23.15.57:175][  0]LogTargetPlatformManager: Display: Loaded TargetPlatform 'Android_DXTClient'
[2021.11.12-23.15.57:175][  0]LogTargetPlatformManager: Display: Loaded TargetPlatform 'Android_ETC2Client'
[2021.11.12-23.15.57:175][  0]LogTargetPlatformManager: Display: Loaded TargetPlatform 'Android_Multi'
[2021.11.12-23.15.57:175][  0]LogTargetPlatformManager: Display: Loaded TargetPlatform 'Android_MultiClient'
[2021.11.12-23.15.57:197][  0]LogTargetPlatformManager: Display: Loaded TargetPlatform 'IOSClient'
[2021.11.12-23.15.57:197][  0]LogTargetPlatformManager: Display: Loaded TargetPlatform 'IOS'
[2021.11.12-23.15.57:210][  0]LogTargetPlatformManager: Display: Loaded TargetPlatform 'Linux'
[2021.11.12-23.15.57:217][  0]LogTargetPlatformManager: Display: Loaded TargetPlatform 'LinuxNoEditor'
[2021.11.12-23.15.57:225][  0]LogTargetPlatformManager: Display: Loaded TargetPlatform 'LinuxClient'
[2021.11.12-23.15.57:232][  0]LogTargetPlatformManager: Display: Loaded TargetPlatform 'LinuxServer'
[2021.11.12-23.15.57:239][  0]LogTargetPlatformManager: Display: Loaded TargetPlatform 'LinuxAArch64NoEditor'
[2021.11.12-23.15.57:246][  0]LogTargetPlatformManager: Display: Loaded TargetPlatform 'LinuxAArch64Client'
[2021.11.12-23.15.57:254][  0]LogTargetPlatformManager: Display: Loaded TargetPlatform 'LinuxAArch64Server'
[2021.11.12-23.15.57:275][  0]LogTargetPlatformManager: Display: Loaded TargetPlatform 'Lumin'
[2021.11.12-23.15.57:275][  0]LogTargetPlatformManager: Display: Loaded TargetPlatform 'LuminClient'
[2021.11.12-23.15.57:287][  0]LogTargetPlatformManager: Display: Loaded TargetPlatform 'TVOSClient'
[2021.11.12-23.15.57:288][  0]LogTargetPlatformManager: Display: Loaded TargetPlatform 'TVOS'
[2021.11.12-23.15.57:295][  0]LogTargetPlatformManager: Display: Loaded TargetPlatform 'WindowsNoEditor'
[2021.11.12-23.15.57:302][  0]LogTargetPlatformManager: Display: Loaded TargetPlatform 'Windows'
[2021.11.12-23.15.57:309][  0]LogTargetPlatformManager: Display: Loaded TargetPlatform 'WindowsClient'
[2021.11.12-23.15.57:316][  0]LogTargetPlatformManager: Display: Loaded TargetPlatform 'WindowsServer'
[2021.11.12-23.15.57:316][  0]LogTargetPlatformManager: Display: Building Assets For Windows
[2021.11.12-23.15.57:321][  0]LogAudioDebug: Display: Lib vorbis DLL was dynamically loaded.
[2021.11.12-23.15.57:364][  0]LogShaderCompilers: Guid format shader working directory is -9 characters bigger than the processId version (../../../../../Users/carverg/Desktop/CS328-Project/CS328/Intermediate/Shaders/WorkingDirectory/18504/).
[2021.11.12-23.15.57:364][  0]LogShaderCompilers: Cleaned the shader compiler working directory 'C:/Users/carverg/AppData/Local/Temp/UnrealShaderWorkingDir/FDAB13174D336CB3B4B953B2BCDBA86A/'.
[2021.11.12-23.15.57:365][  0]LogXGEController: Cannot use XGE Controller as Incredibuild is not installed on this machine.
[2021.11.12-23.15.57:365][  0]LogShaderCompilers: Cannot use XGE Shader Compiler as Incredibuild is not installed on this machine.
[2021.11.12-23.15.57:365][  0]LogShaderCompilers: Display: Using Local Shader Compiler.
[2021.11.12-23.15.57:991][  0]LogDerivedDataCache: Display: Max Cache Size: 512 MB
[2021.11.12-23.15.58:031][  0]LogDerivedDataCache: Loaded boot cache 0.04s 75MB C:/Users/carverg/AppData/Local/UnrealEngine/4.25/DerivedDataCache/Boot.ddc.
[2021.11.12-23.15.58:031][  0]LogDerivedDataCache: Display: Loaded Boot cache: C:/Users/carverg/AppData/Local/UnrealEngine/4.25/DerivedDataCache/Boot.ddc
[2021.11.12-23.15.58:031][  0]LogDerivedDataCache: FDerivedDataBackendGraph:  Pak pak cache file ../../../../../Users/carverg/Desktop/CS328-Project/CS328/DerivedDataCache/DDC.ddp not found, will not use a pak cache.
[2021.11.12-23.15.58:031][  0]LogDerivedDataCache: Unable to find inner node Pak for hierarchical cache Hierarchy.
[2021.11.12-23.15.58:031][  0]LogDerivedDataCache: FDerivedDataBackendGraph:  CompressedPak pak cache file ../../../../../Users/carverg/Desktop/CS328-Project/CS328/DerivedDataCache/Compressed.ddp not found, will not use a pak cache.
[2021.11.12-23.15.58:031][  0]LogDerivedDataCache: Unable to find inner node CompressedPak for hierarchical cache Hierarchy.
[2021.11.12-23.15.58:039][  0]LogDerivedDataCache: Display: Pak cache opened for reading ../../../Engine/DerivedDataCache/Compressed.ddp.
[2021.11.12-23.15.58:040][  0]LogDerivedDataCache: FDerivedDataBackendGraph:  EnterprisePak pak cache file ../../../Enterprise/DerivedDataCache/Compressed.ddp not found, will not use a pak cache.
[2021.11.12-23.15.58:040][  0]LogDerivedDataCache: Unable to find inner node EnterprisePak for hierarchical cache Hierarchy.
[2021.11.12-23.15.58:041][  0]LogDerivedDataCache: Using Local data cache path C:/Users/carverg/AppData/Local/UnrealEngine/Common/DerivedDataCache: Writable
[2021.11.12-23.15.58:041][  0]LogDerivedDataCache: Shared data cache path not found in *engine.ini, will not use an Shared cache.
[2021.11.12-23.15.58:041][  0]LogDerivedDataCache: Unable to find inner node Shared for hierarchical cache Hierarchy.
[2021.11.12-23.15.58:081][  0]LogSlate: Using FreeType 2.10.0
[2021.11.12-23.15.58:081][  0]LogSlate: SlateFontServices - WITH_FREETYPE: 1, WITH_HARFBUZZ: 1
[2021.11.12-23.15.58:101][  0]LogAssetRegistry: FAssetRegistry took 0.0021 seconds to start up
[2021.11.12-23.15.58:277][  0]LogInit: Selected Device Profile: [Windows]
[2021.11.12-23.15.58:361][  0]LogMeshReduction: Using QuadricMeshReduction for automatic static mesh reduction
[2021.11.12-23.15.58:361][  0]LogMeshReduction: Using SimplygonMeshReduction for automatic skeletal mesh reduction
[2021.11.12-23.15.58:361][  0]LogMeshReduction: Using ProxyLODMeshReduction for automatic mesh merging
[2021.11.12-23.15.58:361][  0]LogMeshReduction: No distributed automatic mesh merging module available
[2021.11.12-23.15.58:361][  0]LogMeshMerging: No distributed automatic mesh merging module available
[2021.11.12-23.15.58:372][  0]LogNetVersion: MyProject3 1.0.0, NetCL: 13144385, EngineNetVer: 14, GameNetVer: 0 (Checksum: 528589559)
[2021.11.12-23.15.58:711][  0]LogAISub: UAISubsystem::UAISubsystem AISubsystem (00000286019B1B80), frame # 0
[2021.11.12-23.15.58:711][  0]LogAISub: UAISubsystem::UAISubsystem AIPerceptionSystem (00000286019247C0), frame # 0
[2021.11.12-23.15.58:712][  0]LogAISub: UAISubsystem::UAISubsystem EnvQueryManager (0000028601978800), frame # 0
[2021.11.12-23.15.58:753][  0]LogPackageLocalizationCache: Processed 19 localized package path(s) for 1 prioritized culture(s) in 0.035945 seconds
[2021.11.12-23.15.58:756][  0]LogUObjectArray: 15917 objects as part of root set at end of initial load.
[2021.11.12-23.15.58:756][  0]LogUObjectAllocator: 3965568 out of 0 bytes used by permanent object pool.
[2021.11.12-23.15.58:756][  0]LogUObjectArray: CloseDisregardForGC: 0/0 objects in disregard for GC pool
[2021.11.12-23.15.58:995][  0]LogTcpMessaging: Initializing TcpMessaging bridge
[2021.11.12-23.15.58:998][  0]LogUdpMessaging: Initializing bridge on interface 0.0.0.0:0 to multicast group 230.0.0.1:6666.
[2021.11.12-23.15.59:052][  0]SourceControl: Source control is disabled
[2021.11.12-23.15.59:052][  0]SourceControl: Source control is disabled
[2021.11.12-23.15.59:054][  0]SourceControl: Source control is disabled
[2021.11.12-23.15.59:056][  0]SourceControl: Source control is disabled
[2021.11.12-23.15.59:062][  0]SourceControl: Source control is disabled
[2021.11.12-23.15.59:253][  0]LogAndroidPermission: UAndroidPermissionCallbackProxy::GetInstance
[2021.11.12-23.15.59:266][  0]LogAudioCaptureCore: Display: No Audio Capture implementations found. Audio input will be silent.
[2021.11.12-23.15.59:266][  0]LogAudioCaptureCore: Display: No Audio Capture implementations found. Audio input will be silent.
[2021.11.12-23.15.59:301][  0]LogOcInput: OculusInput pre-init called
[2021.11.12-23.15.59:309][  0]LogWindows: Failed to load 'OVRPlugin.dll' (GetLastError=126)
[2021.11.12-23.15.59:309][  0]LogWindows: File 'OVRPlugin.dll' does not exist
[2021.11.12-23.15.59:353][  0]LogEngine: Initializing Engine...
[2021.11.12-23.15.59:353][  0]LogHMD: Failed to initialize OpenVR with code 110
[2021.11.12-23.15.59:354][  0]LogMagicLeap: Warning: VR disabled because ZI is not enabled.  To enable, in the editor, Edit -> Project Settings -> Plugins -> Magic Leap Plugin -> Enable Zero Iteration
[2021.11.12-23.15.59:354][  0]LogStats: UGameplayTagsManager::InitializeManager -  0.000 s
[2021.11.12-23.15.59:440][  0]LogInit: Initializing FReadOnlyCVARCache
[2021.11.12-23.15.59:445][  0]LogAIModule: Creating AISystem for world Untitled
[2021.11.12-23.15.59:445][  0]LogAISub: UAISubsystem::UAISubsystem EnvQueryManager (0000028607233C00), frame # 0
[2021.11.12-23.15.59:445][  0]LogAISub: UAISubsystem::UAISubsystem AIPerceptionSystem (0000028607276480), frame # 0
[2021.11.12-23.15.59:459][  0]LogAudioMixer: Display: Audio Mixer Platform Settings:
[2021.11.12-23.15.59:459][  0]LogAudioMixer: Display: 	Sample Rate:						  48000
[2021.11.12-23.15.59:459][  0]LogAudioMixer: Display: 	Callback Buffer Frame Size Requested: 256
[2021.11.12-23.15.59:459][  0]LogAudioMixer: Display: 	Callback Buffer Frame Size To Use:	  256
[2021.11.12-23.15.59:459][  0]LogAudioMixer: Display: 	Number of buffers to queue:			  7
[2021.11.12-23.15.59:459][  0]LogAudioMixer: Display: 	Max Channels (voices):				  32
[2021.11.12-23.15.59:459][  0]LogAudioMixer: Display: 	Number of Async Source Workers:		  0
[2021.11.12-23.15.59:459][  0]LogAudio: Display: AudioDevice MaxSources: 32
[2021.11.12-23.15.59:459][  0]LogAudio: Display: Using built-in audio occlusion.
[2021.11.12-23.15.59:459][  0]LogAudioMixer: Display: Initializing audio mixer.
[2021.11.12-23.15.59:469][  0]LogAudioMixer: Display: 0: FrontLeft
[2021.11.12-23.15.59:469][  0]LogAudioMixer: Display: 1: FrontRight
[2021.11.12-23.15.59:721][  0]LogAudioMixer: Display: Using Audio Device Speakers/Headphones (Realtek(R) Audio)
[2021.11.12-23.15.59:724][  0]LogAudioMixer: Display: Initializing Sound Submixes...
[2021.11.12-23.15.59:726][  0]LogAudioMixer: Display: Creating Master Submix 'MasterSubmixDefault'
[2021.11.12-23.15.59:726][  0]LogAudioMixer: Display: Creating Master Submix 'MasterReverbSubmixDefault'
[2021.11.12-23.15.59:726][  0]LogAudioMixer: Display: Creating Master Submix 'MasterEQSubmixDefault'
[2021.11.12-23.15.59:727][  0]LogInit: FAudioDevice initialized.
[2021.11.12-23.15.59:727][  0]LogNetVersion: Set ProjectVersion to 1.0.0.0. Version Checksum will be recalculated on next use.
[2021.11.12-23.15.59:777][  0]LogDerivedDataCache: Saved boot cache 0.05s 75MB C:/Users/carverg/AppData/Local/UnrealEngine/4.25/DerivedDataCache/Boot.ddc.
[2021.11.12-23.15.59:777][  0]LogInit: Texture streaming: Enabled
[2021.11.12-23.15.59:789][  0]LogEngineSessionManager: EngineSessionManager initialized
[2021.11.12-23.15.59:789][  0]LogEditorSessionSummary: Verbose: Initializing EditorSessionSummaryWriter for editor session tracking
[2021.11.12-23.15.59:790][  0]LogEditorSessionSummary: EditorSessionSummaryWriter initialized
[2021.11.12-23.15.59:824][  0]LogInit: Transaction tracking system initialized
[2021.11.12-23.15.59:840][  0]BlueprintLog: New page: Editor Load
[2021.11.12-23.15.59:888][  0]LocalizationService: Localization service is disabled
[2021.11.12-23.16.00:003][  0]LogCook: Display: Max memory allowance for cook 16384mb min free memory 0mb
[2021.11.12-23.16.00:003][  0]LogCook: Display: Mobile HDR setting 1
[2021.11.12-23.16.00:099][  0]LogFileCache: Scanning file cache for directory 'C:/Users/carverg/Desktop/CS328-Project/CS328/Content/' took 0.02s
[2021.11.12-23.16.00:253][  0]SourceControl: Source control is disabled
[2021.11.12-23.16.00:253][  0]LogUnrealEdMisc: Loading editor; pre map load, took 5.281
[2021.11.12-23.16.00:253][  0]Cmd: MAP LOAD FILE="../../../../../Users/carverg/Desktop/CS328-Project/CS328/Content/StarterContent/Maps/Minimal_Default.umap" TEMPLATE=0 SHOWPROGRESS=1 FEATURELEVEL=3
[2021.11.12-23.16.00:257][  0]LightingResults: New page: Lighting Build
[2021.11.12-23.16.00:258][  0]LogWorld: UWorld::CleanupWorld for Untitled, bSessionEnded=true, bCleanupResources=true
[2021.11.12-23.16.00:258][  0]LogSlate: InvalidateAllWidgets triggered.  All widgets were invalidated
[2021.11.12-23.16.00:258][  0]MapCheck: New page: Map Check
[2021.11.12-23.16.00:258][  0]LightingResults: New page: Lighting Build
[2021.11.12-23.16.00:266][  0]LogAISub: UAISubsystem::~UAISubsystem EnvQueryManager (0000028607233C00), frame # 0
[2021.11.12-23.16.00:266][  0]LogAISub: UAISubsystem::~UAISubsystem AIPerceptionSystem (0000028607276480), frame # 0
[2021.11.12-23.16.00:267][  0]LogUObjectHash: Compacting FUObjectHashTables data took   0.54ms
[2021.11.12-23.16.00:536][  0]LogAIModule: Creating AISystem for world Minimal_Default
[2021.11.12-23.16.00:537][  0]LogAISub: UAISubsystem::UAISubsystem EnvQueryManager (0000028607768200), frame # 0
[2021.11.12-23.16.00:537][  0]LogAISub: UAISubsystem::UAISubsystem AIPerceptionSystem (0000028610949440), frame # 0
[2021.11.12-23.16.00:545][  0]LogEditorServer: Finished looking for orphan Actors (0.000 secs)
[2021.11.12-23.16.00:555][  0]LogUObjectHash: Compacting FUObjectHashTables data took   0.61ms
[2021.11.12-23.16.00:555][  0]Cmd: MAP CHECKDEP NOCLEARLOG
[2021.11.12-23.16.00:555][  0]MapCheck: Map check complete: 0 Error(s), 0 Warning(s), took 0.136ms to complete.
[2021.11.12-23.16.00:555][  0]LogFileHelpers: Loading map 'Minimal_Default' took 0.303
[2021.11.12-23.16.00:556][  0]LogUnrealEdMisc: Total Editor Startup Time, took 5.585
[2021.11.12-23.16.00:659][  0]LogSlate: Updating window title bar state: overlay mode, drag disabled, window buttons hidden, title bar hidden
[2021.11.12-23.16.00:664][  0]LogSlate: Updating window title bar state: overlay mode, drag disabled, window buttons hidden, title bar hidden
[2021.11.12-23.16.00:669][  0]LogSlate: Updating window title bar state: overlay mode, drag disabled, window buttons hidden, title bar hidden
[2021.11.12-23.16.00:674][  0]LogSlate: Updating window title bar state: overlay mode, drag disabled, window buttons hidden, title bar hidden
[2021.11.12-23.16.00:679][  0]LogCollectionManager: Loaded 0 collections in 0.001304 seconds
[2021.11.12-23.16.00:688][  0]LogFileCache: Scanning file cache for directory 'C:/Users/carverg/Desktop/CS328-Project/CS328/Saved/Collections/' took 0.00s
[2021.11.12-23.16.00:688][  0]LogFileCache: Scanning file cache for directory 'C:/Users/carverg/Desktop/CS328-Project/CS328/Content/Developers/carverg/Collections/' took 0.00s
[2021.11.12-23.16.00:688][  0]LogFileCache: Scanning file cache for directory 'C:/Users/carverg/Desktop/CS328-Project/CS328/Content/Collections/' took 0.00s
[2021.11.12-23.16.00:688][  0]LogContentBrowser: Native class hierarchy populated in 0.0068 seconds. Added 3427 classes and 821 folders.
[2021.11.12-23.16.00:690][  0]LogContentBrowser: Native class hierarchy updated for 'WidgetCarousel' in 0.0002 seconds. Added 0 classes and 0 folders.
[2021.11.12-23.16.00:899][  0]LogContentBrowser: Native class hierarchy updated for 'AddContentDialog' in 0.0002 seconds. Added 0 classes and 0 folders.
[2021.11.12-23.16.00:900][  0]LogContentBrowser: Native class hierarchy updated for 'SceneOutliner' in 0.0002 seconds. Added 2 classes and 0 folders.
[2021.11.12-23.16.01:003][  0]LogSlate: Took 0.000139 seconds to synchronously load lazily loaded font '../../../Engine/Content/Slate/Fonts/Roboto-Regular.ttf' (155K)
[2021.11.12-23.16.01:005][  0]LogSlate: Took 0.000098 seconds to synchronously load lazily loaded font '../../../Engine/Content/Slate/Fonts/Roboto-Bold.ttf' (160K)
[2021.11.12-23.16.01:012][  0]LogSlate: Took 0.004274 seconds to synchronously load lazily loaded font '../../../Engine/Content/Editor/Slate/Fonts/FontAwesome.ttf' (139K)
[2021.11.12-23.16.01:079][  0]LogRenderer: Reallocating scene render targets to support 1208x572 Format 10 NumSamples 1 (Frame:1).
[2021.11.12-23.16.01:220][  0]LogSlate: Window 'Tutorials' being destroyed
[2021.11.12-23.16.01:227][  0]LogContentBrowser: Native class hierarchy updated for 'HierarchicalLODOutliner' in 0.0002 seconds. Added 0 classes and 0 folders.
[2021.11.12-23.16.01:228][  0]LogLoad: (Engine Initialization) Total time: 6.26 seconds
[2021.11.12-23.16.01:228][  0]LogLoad: (Engine Initialization) Total Blueprint compile time: 0.00 seconds
[2021.11.12-23.16.01:271][  0]LogAssetRegistry: Asset discovery search completed in 3.1707 seconds
[2021.11.12-23.16.01:274][  0]LogCollectionManager: Fixed up redirectors for 0 collections in 0.000002 seconds (updated 0 objects)
[2021.11.12-23.16.01:275][  0]LogContentStreaming: Texture pool size now 1000 MB
[2021.11.12-23.16.01:300][  0]LogSlate: Took 0.003843 seconds to synchronously load lazily loaded font '../../../Engine/Content/Slate/Fonts/Roboto-Light.ttf' (167K)
[2021.11.12-23.16.02:250][ 93]LogSlate: Took 0.000151 seconds to synchronously load lazily loaded font '../../../Engine/Content/Slate/Fonts/Roboto-Light.ttf' (167K)
[2021.11.12-23.16.06:350][399]LogAssetEditorSubsystem: Opening Asset editor for World /Game/Top.Top
[2021.11.12-23.16.06:365][399]LogUObjectHash: Compacting FUObjectHashTables data took   0.74ms
[2021.11.12-23.16.06:367][399]Cmd: MAP LOAD FILE="../../../../../Users/carverg/Desktop/CS328-Project/CS328/Content/Top.umap" TEMPLATE=0 SHOWPROGRESS=1 FEATURELEVEL=3
[2021.11.12-23.16.06:367][399]LightingResults: New page: Lighting Build
[2021.11.12-23.16.06:367][399]LoadErrors: New page: Loading map: Top.umap
[2021.11.12-23.16.06:383][399]LogWorld: UWorld::CleanupWorld for Minimal_Default, bSessionEnded=true, bCleanupResources=true
[2021.11.12-23.16.06:383][399]LogSlate: InvalidateAllWidgets triggered.  All widgets were invalidated
[2021.11.12-23.16.06:383][399]MapCheck: New page: Map Check
[2021.11.12-23.16.06:383][399]LightingResults: New page: Lighting Build
[2021.11.12-23.16.06:393][399]LogAISub: UAISubsystem::~UAISubsystem EnvQueryManager (0000028607768200), frame # 399
[2021.11.12-23.16.06:393][399]LogAISub: UAISubsystem::~UAISubsystem AIPerceptionSystem (0000028610949440), frame # 399
[2021.11.12-23.16.06:393][399]LogUObjectHash: Compacting FUObjectHashTables data took   0.67ms
[2021.11.12-23.16.06:404][399]LogPhysics: Warning: Scale for /Game/Top.Top:PersistentLevel.Sliding_Door_2.Cube3 has a component set to zero, which will result in a bad body instance. Scale:X=2.500 Y=0.000 Z=4.000
[2021.11.12-23.16.06:404][399]LogPhysics: Warning: Scale for /Game/Top.Top:PersistentLevel.Sliding_Door_2.Cube2 has a component set to zero, which will result in a bad body instance. Scale:X=2.500 Y=0.000 Z=4.000
[2021.11.12-23.16.06:404][399]LogPhysics: Warning: Scale for /Game/Top.Top:PersistentLevel.Sliding_Door_2.Cube1 has a component set to zero, which will result in a bad body instance. Scale:X=2.500 Y=0.000 Z=4.000
[2021.11.12-23.16.06:404][399]LogPhysics: Warning: Scale for /Game/Top.Top:PersistentLevel.Sliding_Door_2.Cube has a component set to zero, which will result in a bad body instance. Scale:X=2.500 Y=0.000 Z=4.000
[2021.11.12-23.16.06:420][399]LogPhysics: Warning: Scale for /Game/Top.Top:PersistentLevel.Sliding_Door_2.Cube has a component set to zero, which will result in a bad body instance. Scale:X=2.500 Y=0.000 Z=4.000
[2021.11.12-23.16.06:420][399]LogPhysics: Warning: Scale for /Game/Top.Top:PersistentLevel.Sliding_Door_2.Cube1 has a component set to zero, which will result in a bad body instance. Scale:X=2.500 Y=0.000 Z=4.000
[2021.11.12-23.16.06:421][399]LogPhysics: Warning: Scale for /Game/Top.Top:PersistentLevel.Sliding_Door_2.Cube2 has a component set to zero, which will result in a bad body instance. Scale:X=2.500 Y=0.000 Z=4.000
[2021.11.12-23.16.06:421][399]LogPhysics: Warning: Scale for /Game/Top.Top:PersistentLevel.Sliding_Door_2.Cube3 has a component set to zero, which will result in a bad body instance. Scale:X=2.500 Y=0.000 Z=4.000
[2021.11.12-23.16.06:421][399]LogPhysics: Warning: Scale for /Game/Top.Top:PersistentLevel.Sliding_Door_2.Cube has a component set to zero, which will result in a bad body instance. Scale:X=2.500 Y=0.000 Z=4.000
[2021.11.12-23.16.06:421][399]LogPhysics: Warning: Scale for /Game/Top.Top:PersistentLevel.Sliding_Door_2.Cube has a component set to zero, which will result in a bad body instance. Scale:X=2.500 Y=0.000 Z=4.000
[2021.11.12-23.16.06:421][399]LogPhysics: Warning: Scale for /Game/Top.Top:PersistentLevel.Sliding_Door_2.Cube1 has a component set to zero, which will result in a bad body instance. Scale:X=2.500 Y=0.000 Z=4.000
[2021.11.12-23.16.06:421][399]LogPhysics: Warning: Scale for /Game/Top.Top:PersistentLevel.Sliding_Door_2.Cube1 has a component set to zero, which will result in a bad body instance. Scale:X=2.500 Y=0.000 Z=4.000
[2021.11.12-23.16.06:421][399]LogPhysics: Warning: Scale for /Game/Top.Top:PersistentLevel.Sliding_Door_2.Cube2 has a component set to zero, which will result in a bad body instance. Scale:X=2.500 Y=0.000 Z=4.000
[2021.11.12-23.16.06:421][399]LogPhysics: Warning: Scale for /Game/Top.Top:PersistentLevel.Sliding_Door_2.Cube2 has a component set to zero, which will result in a bad body instance. Scale:X=2.500 Y=0.000 Z=4.000
[2021.11.12-23.16.06:421][399]LogPhysics: Warning: Scale for /Game/Top.Top:PersistentLevel.Sliding_Door_2.Cube3 has a component set to zero, which will result in a bad body instance. Scale:X=2.500 Y=0.000 Z=4.000
[2021.11.12-23.16.06:421][399]LogPhysics: Warning: Scale for /Game/Top.Top:PersistentLevel.Sliding_Door_2.Cube3 has a component set to zero, which will result in a bad body instance. Scale:X=2.500 Y=0.000 Z=4.000
[2021.11.12-23.16.06:432][399]LogEditorServer: Finished looking for orphan Actors (0.000 secs)
[2021.11.12-23.16.06:432][399]LogAIModule: Creating AISystem for world Top
[2021.11.12-23.16.06:432][399]LogAISub: UAISubsystem::UAISubsystem EnvQueryManager (0000028607605E00), frame # 399
[2021.11.12-23.16.06:432][399]LogAISub: UAISubsystem::UAISubsystem AIPerceptionSystem (000002863D83F880), frame # 399
[2021.11.12-23.16.06:447][399]LogUObjectHash: Compacting FUObjectHashTables data took   0.58ms
[2021.11.12-23.16.06:459][399]Cmd: MAP CHECKDEP NOCLEARLOG
[2021.11.12-23.16.06:459][399]MapCheck: Map check complete: 0 Error(s), 0 Warning(s), took 0.185ms to complete.
[2021.11.12-23.16.06:459][399]LogFileHelpers: Loading map 'Top' took 0.093
[2021.11.12-23.16.25:718][191]LogTemp: Repeating last play command: Selected Viewport
[2021.11.12-23.16.25:725][191]LogPlayLevel: PlayLevel: No blueprints needed recompiling
[2021.11.12-23.16.25:725][191]PIE: New page: PIE session: Top (Nov 12, 2021, 7:16:25 AM)
[2021.11.12-23.16.25:726][191]LogOnline: OSS: Creating online subsystem instance for: NULL
[2021.11.12-23.16.25:726][191]LogOnline: OSS: TryLoadSubsystemAndSetDefault: Loaded subsystem for module [NULL]
[2021.11.12-23.16.25:726][191]LogPlayLevel: Creating play world package: /Game/UEDPIE_0_Top
[2021.11.12-23.16.25:779][191]LogPlayLevel: PIE: StaticDuplicateObject took: (0.052442s)
[2021.11.12-23.16.25:780][191]LogAIModule: Creating AISystem for world Top
[2021.11.12-23.16.25:780][191]LogAISub: UAISubsystem::UAISubsystem EnvQueryManager (00000286108DA800), frame # 2191
[2021.11.12-23.16.25:780][191]LogAISub: UAISubsystem::UAISubsystem AIPerceptionSystem (000002860C81C540), frame # 2191
[2021.11.12-23.16.25:780][191]LogPlayLevel: PIE: World Init took: (0.001037s)
[2021.11.12-23.16.25:780][191]LogPlayLevel: PIE: Created PIE world by copying editor world from /Game/Top.Top to /Game/UEDPIE_0_Top.Top (0.053720s)
[2021.11.12-23.16.25:789][191]LogUObjectHash: Compacting FUObjectHashTables data took   0.58ms
[2021.11.12-23.16.25:791][191]LogAudioMixer: Display: Audio Mixer Platform Settings:
[2021.11.12-23.16.25:791][191]LogAudioMixer: Display: 	Sample Rate:						  48000
[2021.11.12-23.16.25:791][191]LogAudioMixer: Display: 	Callback Buffer Frame Size Requested: 256
[2021.11.12-23.16.25:791][191]LogAudioMixer: Display: 	Callback Buffer Frame Size To Use:	  256
[2021.11.12-23.16.25:791][191]LogAudioMixer: Display: 	Number of buffers to queue:			  7
[2021.11.12-23.16.25:791][191]LogAudioMixer: Display: 	Max Channels (voices):				  32
[2021.11.12-23.16.25:791][191]LogAudioMixer: Display: 	Number of Async Source Workers:		  0
[2021.11.12-23.16.25:791][191]LogAudio: Display: AudioDevice MaxSources: 32
[2021.11.12-23.16.25:792][191]LogAudio: Display: Using built-in audio occlusion.
[2021.11.12-23.16.25:792][191]LogAudioMixer: Display: Initializing audio mixer.
[2021.11.12-23.16.25:793][191]LogAudioMixer: Display: 0: FrontLeft
[2021.11.12-23.16.25:793][191]LogAudioMixer: Display: 1: FrontRight
[2021.11.12-23.16.25:872][191]LogAudioMixer: Display: Using Audio Device Speakers/Headphones (Realtek(R) Audio)
[2021.11.12-23.16.25:872][191]LogAudioMixer: Display: Initializing Sound Submixes...
[2021.11.12-23.16.25:873][191]LogAudioMixer: Display: Creating Master Submix 'MasterSubmixDefault'
[2021.11.12-23.16.25:873][191]LogAudioMixer: Display: Creating Master Submix 'MasterReverbSubmixDefault'
[2021.11.12-23.16.25:873][191]LogAudioMixer: Display: Creating Master Submix 'MasterEQSubmixDefault'
[2021.11.12-23.16.25:881][191]LogInit: FAudioDevice initialized.
[2021.11.12-23.16.25:903][191]LogLoad: Game class is 'FirstPersonGameMode_C'
[2021.11.12-23.16.25:913][191]LogPhysics: Warning: Scale for /Game/UEDPIE_0_Top.Top:PersistentLevel.Sliding_Door_2.Cube3 has a component set to zero, which will result in a bad body instance. Scale:X=2.500 Y=0.000 Z=4.000
[2021.11.12-23.16.25:913][191]LogPhysics: Warning: Scale for /Game/UEDPIE_0_Top.Top:PersistentLevel.Sliding_Door_2.Cube2 has a component set to zero, which will result in a bad body instance. Scale:X=2.500 Y=0.000 Z=4.000
[2021.11.12-23.16.25:913][191]LogPhysics: Warning: Scale for /Game/UEDPIE_0_Top.Top:PersistentLevel.Sliding_Door_2.Cube1 has a component set to zero, which will result in a bad body instance. Scale:X=2.500 Y=0.000 Z=4.000
[2021.11.12-23.16.25:913][191]LogPhysics: Warning: Scale for /Game/UEDPIE_0_Top.Top:PersistentLevel.Sliding_Door_2.Cube has a component set to zero, which will result in a bad body instance. Scale:X=2.500 Y=0.000 Z=4.000
[2021.11.12-23.16.25:926][191]LogWorld: Bringing World /Game/UEDPIE_0_Top.Top up for play (max tick rate 0) at 2021.11.12-15.16.25
[2021.11.12-23.16.25:926][191]LogWorld: Bringing up level for play took: 0.021402
[2021.11.12-23.16.25:926][191]LogOnline: OSS: Creating online subsystem instance for: :Context_1
[2021.11.12-23.16.25:929][191]LogContentBrowser: Native class hierarchy updated for 'MovieSceneCapture' in 0.0003 seconds. Added 20 classes and 0 folders.
[2021.11.12-23.16.25:932][191]PIE: Server logged in
[2021.11.12-23.16.25:933][191]PIE: Play in editor total start time 0.209 seconds.
[2021.11.12-23.16.45:324][138]LogCharacterMovement: FirstPersonCharacter_C_0 is stuck and failed to move! Velocity: X=218.26 Y=-558.89 Z=0.00 Location: X=1923.12 Y=1665.97 Z=-321.34 Normal: X=-0.96 Y=0.26 Z=-0.00 PenetrationDepth:7.410 Actor:Hinge_Door8 Component:Cube BoneName:None (0 other events since notify)
[2021.11.12-23.16.56:832][326]LogSlate: Updating window title bar state: overlay mode, drag disabled, window buttons hidden, title bar hidden
[2021.11.12-23.16.56:832][326]LogWorld: BeginTearingDown for /Game/UEDPIE_0_Top
[2021.11.12-23.16.56:832][326]LogWorld: UWorld::CleanupWorld for Top, bSessionEnded=true, bCleanupResources=true
[2021.11.12-23.16.56:835][326]LogSlate: InvalidateAllWidgets triggered.  All widgets were invalidated
[2021.11.12-23.16.56:854][326]LogPlayLevel: Display: Shutting down PIE online subsystems
[2021.11.12-23.16.56:856][326]LogSlate: InvalidateAllWidgets triggered.  All widgets were invalidated
[2021.11.12-23.16.56:879][326]LogSlate: Updating window title bar state: overlay mode, drag disabled, window buttons hidden, title bar hidden
[2021.11.12-23.16.56:885][326]LogAISub: UAISubsystem::~UAISubsystem EnvQueryManager (00000286108DA800), frame # 5326
[2021.11.12-23.16.56:885][326]LogAISub: UAISubsystem::~UAISubsystem AIPerceptionSystem (000002860C81C540), frame # 5326
[2021.11.12-23.16.56:886][326]LogUObjectHash: Compacting FUObjectHashTables data took   0.74ms
[2021.11.12-23.16.56:931][328]LogPlayLevel: Display: Destroying online subsystem :Context_1
[2021.11.12-23.17.46:781][825]LogAssetEditorSubsystem: Opening Asset editor for Blueprint /Game/Blueprints/Hinge_Door.Hinge_Door
[2021.11.12-23.17.47:113][825]LogContentBrowser: Native class hierarchy updated for 'BlueprintGraph' in 0.0004 seconds. Added 125 classes and 0 folders.
[2021.11.12-23.17.47:807][825]LogSlate: Took 0.000163 seconds to synchronously load lazily loaded font '../../../Engine/Content/Slate/Fonts/Roboto-BoldCondensed.ttf' (158K)
[2021.11.12-23.17.47:860][826]LogSlate: Took 0.004038 seconds to synchronously load lazily loaded font '../../../Engine/Content/Slate/Fonts/Roboto-Italic.ttf' (157K)
[2021.11.12-23.18.09:677][354]BlueprintLog: New page: Compile Hinge_Door
[2021.11.12-23.18.09:725][354]LogUObjectHash: Compacting FUObjectHashTables data took   1.89ms
[2021.11.12-23.18.09:797][354]LogSlate: Took 0.007190 seconds to synchronously load lazily loaded font '../../../Engine/Content/Slate/Fonts/DroidSansMono.ttf' (77K)
[2021.11.12-23.18.13:777][687]BlueprintLog: New page: Compile Hinge_Door
[2021.11.12-23.18.13:821][687]LogUObjectHash: Compacting FUObjectHashTables data took   1.88ms
[2021.11.12-23.18.17:133][959]BlueprintLog: New page: Compile Hinge_Door
[2021.11.12-23.18.17:178][959]LogUObjectHash: Compacting FUObjectHashTables data took   1.84ms
[2021.11.12-23.18.19:594][143]BlueprintLog: New page: Compile Hinge_Door
[2021.11.12-23.18.19:638][143]LogUObjectHash: Compacting FUObjectHashTables data took   1.89ms
[2021.11.12-23.19.29:737][902]BlueprintLog: New page: Compile Hinge_Door
[2021.11.12-23.19.29:782][902]LogUObjectHash: Compacting FUObjectHashTables data took   1.92ms
[2021.11.12-23.19.34:536][302]BlueprintLog: New page: Compile Hinge_Door
[2021.11.12-23.19.34:580][302]LogUObjectHash: Compacting FUObjectHashTables data took   1.89ms
[2021.11.12-23.19.35:177][342]Cmd: OBJ SAVEPACKAGE PACKAGE="/Game/Blueprints/Hinge_Door" FILE="../../../../../Users/carverg/Desktop/CS328-Project/CS328/Content/Blueprints/Hinge_Door.uasset" SILENT=true
[2021.11.12-23.19.35:202][342]LogSavePackage: Moving '../../../../../Users/carverg/Desktop/CS328-Project/CS328/Saved/Hinge_Door97394DFB42FAB36214D5C7B1D6A44319.tmp' to '../../../../../Users/carverg/Desktop/CS328-Project/CS328/Content/Blueprints/Hinge_Door.uasset'
[2021.11.12-23.19.35:214][342]AssetCheck: New page: Asset Save: Hinge_Door
[2021.11.12-23.19.35:214][342]LogContentValidation: Display: Validating Blueprint /Game/Blueprints/Hinge_Door.Hinge_Door
[2021.11.12-23.19.39:414][711]LogUObjectHash: Compacting FUObjectHashTables data took   1.74ms
[2021.11.12-23.19.39:430][711]Cmd: OBJ SAVEPACKAGE PACKAGE="/Game/Top" FILE="../../../../../Users/carverg/Desktop/CS328-Project/CS328/Content/Top.umap" SILENT=true AUTOSAVING=false KEEPDIRTY=false
[2021.11.12-23.19.39:446][711]LogUObjectHash: Compacting FUObjectHashTables data took   0.44ms
[2021.11.12-23.19.39:712][711]LogSavePackage: Moving '../../../../../Users/carverg/Desktop/CS328-Project/CS328/Saved/TopB9549D5F424513B7D5F77BB7956DCAF0.tmp' to '../../../../../Users/carverg/Desktop/CS328-Project/CS328/Content/Top.umap'
[2021.11.12-23.19.39:725][711]LogFileHelpers: Saving map 'Top' took 0.296
[2021.11.12-23.19.39:726][711]Cmd: OBJ SAVEPACKAGE PACKAGE="/Game/Top_BuiltData" FILE="../../../../../Users/carverg/Desktop/CS328-Project/CS328/Content/Top_BuiltData.uasset" SILENT=true
[2021.11.12-23.19.39:812][711]LogSavePackage: Moving '../../../../../Users/carverg/Desktop/CS328-Project/CS328/Saved/Top_BuiltData385F1C434280B4F09267B4BE2E9702C3.tmp' to '../../../../../Users/carverg/Desktop/CS328-Project/CS328/Content/Top_BuiltData.uasset'
[2021.11.12-23.19.39:825][711]AssetCheck: New page: Asset Save: multiple assets
[2021.11.12-23.19.39:825][711]LogContentValidation: Display: Validating World /Game/Top.Top
[2021.11.12-23.19.39:826][711]LogContentValidation: Display: Validating MapBuildDataRegistry /Game/Top_BuiltData.Top_BuiltData
[2021.11.12-23.20.05:503][994]LogEditorViewport: Clicking on Actor (LMB): Hinge_Door_C (Hinge_Door)
[2021.11.12-23.20.08:822][263]LogEditorViewport: Clicking on Actor (LMB): Hinge_Door_C (Hinge_Door9)
[2021.11.12-23.20.16:919][995]LogEditorViewport: Clicking on Actor (LMB): Hinge_Door_C (Hinge_Door)
[2021.11.12-23.20.19:728][234]LogEditorViewport: Clicking on Actor (LMB): Hinge_Door_C (Hinge_Door9)
[2021.11.12-23.20.22:580][458]LogEditorViewport: Clicking on Actor (LMB): Hinge_Door_C (Hinge_Door8)
[2021.11.12-23.20.24:346][593]LogEditorViewport: Clicking on Actor (LMB): Hinge_Door_C (Hinge_Door10)
[2021.11.12-23.20.37:233][704]LogEditorViewport: Clicking on Actor (LMB): StaticMeshActor (SM_Wall_B_84)
[2021.11.12-23.20.38:149][785]LogEditorViewport: Clicking on Actor (LMB): Armory_Door_C (Armory_Door)
[2021.11.12-23.20.39:587][930]LogEditorViewport: Clicking on Actor (LMB): BP_Sky_Sphere_C (Sky Sphere)
[2021.11.12-23.20.47:366][585]LogTemp: Repeating last play command: Selected Viewport
[2021.11.12-23.20.47:373][585]LogPlayLevel: PlayLevel: No blueprints needed recompiling
[2021.11.12-23.20.47:373][585]PIE: New page: PIE session: Top (Nov 12, 2021, 7:20:47 AM)
[2021.11.12-23.20.47:373][585]LogPlayLevel: Creating play world package: /Game/UEDPIE_0_Top
[2021.11.12-23.20.47:427][585]LogPlayLevel: PIE: StaticDuplicateObject took: (0.054028s)
[2021.11.12-23.20.47:428][585]LogAIModule: Creating AISystem for world Top
[2021.11.12-23.20.47:428][585]LogAISub: UAISubsystem::UAISubsystem EnvQueryManager (00000286ACC87A00), frame # 23585
[2021.11.12-23.20.47:428][585]LogAISub: UAISubsystem::UAISubsystem AIPerceptionSystem (00000286B031E200), frame # 23585
[2021.11.12-23.20.47:428][585]LogPlayLevel: PIE: World Init took: (0.001024s)
[2021.11.12-23.20.47:428][585]LogPlayLevel: PIE: Created PIE world by copying editor world from /Game/Top.Top to /Game/UEDPIE_0_Top.Top (0.055212s)
[2021.11.12-23.20.47:444][585]LogUObjectHash: Compacting FUObjectHashTables data took   1.67ms
[2021.11.12-23.20.47:446][585]LogAudioMixer: Display: Audio Mixer Platform Settings:
[2021.11.12-23.20.47:446][585]LogAudioMixer: Display: 	Sample Rate:						  48000
[2021.11.12-23.20.47:446][585]LogAudioMixer: Display: 	Callback Buffer Frame Size Requested: 256
[2021.11.12-23.20.47:446][585]LogAudioMixer: Display: 	Callback Buffer Frame Size To Use:	  256
[2021.11.12-23.20.47:446][585]LogAudioMixer: Display: 	Number of buffers to queue:			  7
[2021.11.12-23.20.47:446][585]LogAudioMixer: Display: 	Max Channels (voices):				  32
[2021.11.12-23.20.47:446][585]LogAudioMixer: Display: 	Number of Async Source Workers:		  0
[2021.11.12-23.20.47:446][585]LogAudio: Display: AudioDevice MaxSources: 32
[2021.11.12-23.20.47:447][585]LogAudio: Display: Using built-in audio occlusion.
[2021.11.12-23.20.47:447][585]LogAudioMixer: Display: Initializing audio mixer.
[2021.11.12-23.20.47:449][585]LogAudioMixer: Display: 0: FrontLeft
[2021.11.12-23.20.47:449][585]LogAudioMixer: Display: 1: FrontRight
[2021.11.12-23.20.47:536][585]LogAudioMixer: Display: Using Audio Device Speakers/Headphones (Realtek(R) Audio)
[2021.11.12-23.20.47:536][585]LogAudioMixer: Display: Initializing Sound Submixes...
[2021.11.12-23.20.47:537][585]LogAudioMixer: Display: Creating Master Submix 'MasterSubmixDefault'
[2021.11.12-23.20.47:537][585]LogAudioMixer: Display: Creating Master Submix 'MasterReverbSubmixDefault'
[2021.11.12-23.20.47:537][585]LogAudioMixer: Display: Creating Master Submix 'MasterEQSubmixDefault'
[2021.11.12-23.20.47:551][585]LogInit: FAudioDevice initialized.
[2021.11.12-23.20.47:561][585]LogLoad: Game class is 'FirstPersonGameMode_C'
[2021.11.12-23.20.47:571][585]LogPhysics: Warning: Scale for /Game/UEDPIE_0_Top.Top:PersistentLevel.Sliding_Door_2.Cube3 has a component set to zero, which will result in a bad body instance. Scale:X=2.500 Y=0.000 Z=4.000
[2021.11.12-23.20.47:572][585]LogPhysics: Warning: Scale for /Game/UEDPIE_0_Top.Top:PersistentLevel.Sliding_Door_2.Cube2 has a component set to zero, which will result in a bad body instance. Scale:X=2.500 Y=0.000 Z=4.000
[2021.11.12-23.20.47:572][585]LogPhysics: Warning: Scale for /Game/UEDPIE_0_Top.Top:PersistentLevel.Sliding_Door_2.Cube1 has a component set to zero, which will result in a bad body instance. Scale:X=2.500 Y=0.000 Z=4.000
[2021.11.12-23.20.47:572][585]LogPhysics: Warning: Scale for /Game/UEDPIE_0_Top.Top:PersistentLevel.Sliding_Door_2.Cube has a component set to zero, which will result in a bad body instance. Scale:X=2.500 Y=0.000 Z=4.000
[2021.11.12-23.20.47:583][585]LogWorld: Bringing World /Game/UEDPIE_0_Top.Top up for play (max tick rate 0) at 2021.11.12-15.20.47
[2021.11.12-23.20.47:583][585]LogWorld: Bringing up level for play took: 0.020876
[2021.11.12-23.20.47:583][585]LogOnline: OSS: Creating online subsystem instance for: :Context_9
[2021.11.12-23.20.47:587][585]PIE: Server logged in
[2021.11.12-23.20.47:588][585]PIE: Play in editor total start time 0.216 seconds.
[2021.11.12-23.21.01:532][  7]LogCharacterMovement: FirstPersonCharacter_C_0 is stuck and failed to move! Velocity: X=466.01 Y=253.90 Z=0.00 Location: X=1923.12 Y=1654.86 Z=-321.34 Normal: X=-0.95 Y=0.30 Z=-0.00 PenetrationDepth:3.943 Actor:Hinge_Door8 Component:Cube BoneName:None (0 other events since notify)
[2021.11.12-23.21.40:562][984]LogSlate: Updating window title bar state: overlay mode, drag disabled, window buttons hidden, title bar hidden
[2021.11.12-23.21.40:562][984]LogWorld: BeginTearingDown for /Game/UEDPIE_0_Top
[2021.11.12-23.21.40:562][984]LogWorld: UWorld::CleanupWorld for Top, bSessionEnded=true, bCleanupResources=true
[2021.11.12-23.21.40:565][984]LogSlate: InvalidateAllWidgets triggered.  All widgets were invalidated
[2021.11.12-23.21.40:588][984]LogPlayLevel: Display: Shutting down PIE online subsystems
[2021.11.12-23.21.40:591][984]LogSlate: InvalidateAllWidgets triggered.  All widgets were invalidated
[2021.11.12-23.21.40:621][984]LogSlate: Updating window title bar state: overlay mode, drag disabled, window buttons hidden, title bar hidden
[2021.11.12-23.21.40:627][984]LogAISub: UAISubsystem::~UAISubsystem EnvQueryManager (00000286ACC87A00), frame # 28984
[2021.11.12-23.21.40:627][984]LogAISub: UAISubsystem::~UAISubsystem AIPerceptionSystem (00000286B031E200), frame # 28984
[2021.11.12-23.21.40:629][984]LogUObjectHash: Compacting FUObjectHashTables data took   1.57ms
[2021.11.12-23.21.40:668][986]LogPlayLevel: Display: Destroying online subsystem :Context_9
[2021.11.12-23.21.42:577][142]LogUObjectHash: Compacting FUObjectHashTables data took   1.36ms
[2021.11.12-23.21.42:599][142]Cmd: OBJ SAVEPACKAGE PACKAGE="/Game/Top" FILE="../../../../../Users/carverg/Desktop/CS328-Project/CS328/Content/Top.umap" SILENT=true AUTOSAVING=false KEEPDIRTY=false
[2021.11.12-23.21.42:615][142]LogUObjectHash: Compacting FUObjectHashTables data took   0.44ms
[2021.11.12-23.21.42:878][142]LogSavePackage: Moving '../../../../../Users/carverg/Desktop/CS328-Project/CS328/Saved/Top7FDEFB8B4D514A3253AE968AC2C65F96.tmp' to '../../../../../Users/carverg/Desktop/CS328-Project/CS328/Content/Top.umap'
[2021.11.12-23.21.42:891][142]LogFileHelpers: Saving map 'Top' took 0.293
[2021.11.12-23.21.42:892][142]Cmd: OBJ SAVEPACKAGE PACKAGE="/Game/Top_BuiltData" FILE="../../../../../Users/carverg/Desktop/CS328-Project/CS328/Content/Top_BuiltData.uasset" SILENT=true
[2021.11.12-23.21.42:939][142]LogSavePackage: Moving '../../../../../Users/carverg/Desktop/CS328-Project/CS328/Saved/Top_BuiltData3B9414D346C2AEE8C2AE2CBC3EBDE485.tmp' to '../../../../../Users/carverg/Desktop/CS328-Project/CS328/Content/Top_BuiltData.uasset'
[2021.11.12-23.21.42:952][142]AssetCheck: New page: Asset Save: multiple assets
[2021.11.12-23.21.42:952][142]LogContentValidation: Display: Validating World /Game/Top.Top
[2021.11.12-23.21.42:952][142]LogContentValidation: Display: Validating MapBuildDataRegistry /Game/Top_BuiltData.Top_BuiltData
[2021.11.12-23.23.07:076][607]LogSlate: Window 'Hinge_Door' being destroyed
[2021.11.12-23.23.07:091][607]LogSlate: Window 'Hinge_Door' being destroyed
[2021.11.12-23.23.07:092][607]LogWorld: UWorld::CleanupWorld for World_4, bSessionEnded=true, bCleanupResources=true
[2021.11.12-23.23.07:092][607]LogSlate: InvalidateAllWidgets triggered.  All widgets were invalidated
